[debug] [2026-05-31T08:04:43.119Z] [Firebase Plugin] Activating Firebase extension.
[debug] [2026-05-31T08:04:50.163Z] [Firebase Plugin] requireAuthWrapper
[debug] [2026-05-31T08:04:50.168Z] > command requires scopes: ["email","openid","https://www.googleapis.com/auth/cloudplatformprojects.readonly","https://www.googleapis.com/auth/firebase","https://www.googleapis.com/auth/cloud-platform"]
[debug] [2026-05-31T08:04:50.170Z] > authorizing via signed-in user (ireakindavid@gmail.com)
[debug] [2026-05-31T08:04:50.178Z] Checked if tokens are valid: false, expires at: 1780183170147
[debug] [2026-05-31T08:04:50.179Z] Checked if tokens are valid: false, expires at: 1780183170147
[debug] [2026-05-31T08:04:50.181Z] > refreshing access token with scopes: []
[debug] [2026-05-31T08:04:50.190Z] >>> [apiv2][query] POST https://www.googleapis.com/oauth2/v3/token [none]
[debug] [2026-05-31T08:04:50.191Z] >>> [apiv2][body] POST https://www.googleapis.com/oauth2/v3/token [omitted]
[debug] [2026-05-31T08:04:50.248Z] [Firebase Plugin] VSCode notification server listening on port 40001
[info] [Firebase Plugin] Starting SQL Connect toolkit (version 3.4.9) on port 50001
[debug] [2026-05-31T08:04:51.703Z] 'fdc build' failed with error: Unable to build your SQL Connect schema and connectors (exit code 1): E0531 09:04:51.699138    4125 cmd.go:43] Error loading data connect config: could not find dataconnect.yaml in `/home/zenmi/Projects/manga-dl/dataconnect`
 {"metadata":{"emulator":{"name":"dataconnect"},"message":"'fdc build' failed with error: Unable to build your SQL Connect schema and connectors (exit code 1): E0531 09:04:51.699138    4125 cmd.go:43] Error loading data connect config: could not find dataconnect.yaml in `/home/zenmi/Projects/manga-dl/dataconnect`\n"}}
[debug] [2026-05-31T08:04:51.705Z] Ignoring unsupported arg: auto_download {"metadata":{"emulator":{"name":"dataconnect"},"message":"Ignoring unsupported arg: auto_download"}}
[debug] [2026-05-31T08:04:51.705Z] Ignoring unsupported arg: port {"metadata":{"emulator":{"name":"dataconnect"},"message":"Ignoring unsupported arg: port"}}
[debug] [2026-05-31T08:04:51.706Z] Starting SQL Connect Emulator with command {"binary":"/home/zenmi/.cache/firebase/emulators/dataconnect-emulator-3.4.9","args":["--logtostderr","-v=2","dev","--listen=localhost:50001","--config_dir=/home/zenmi/Projects/manga-dl/dataconnect","--enable_output_schema_extensions=true","--enable_output_generated_sdk=true"],"optionalArgs":["listen","config_dir","enable_output_schema_extensions","enable_output_generated_sdk"],"joinArgs":true,"shell":false,"port":9399} {"metadata":{"emulator":{"name":"dataconnect"},"message":"Starting SQL Connect Emulator with command {\"binary\":\"/home/zenmi/.cache/firebase/emulators/dataconnect-emulator-3.4.9\",\"args\":[\"--logtostderr\",\"-v=2\",\"dev\",\"--listen=localhost:50001\",\"--config_dir=/home/zenmi/Projects/manga-dl/dataconnect\",\"--enable_output_schema_extensions=true\",\"--enable_output_generated_sdk=true\"],\"optionalArgs\":[\"listen\",\"config_dir\",\"enable_output_schema_extensions\",\"enable_output_generated_sdk\"],\"joinArgs\":true,\"shell\":false,\"port\":9399}"}}
[info] i  dataconnect: SQL Connect Emulator logging to dataconnect-debug.log {"metadata":{"emulator":{"name":"dataconnect"},"message":"SQL Connect Emulator logging to dataconnect-debug.log"}}
[debug] [2026-05-31T08:04:51.860Z] E0531 09:04:51.776959    4133 dev.go:83] Failed to load initial config from "/home/zenmi/Projects/manga-dl/dataconnect": could not find dataconnect.yaml in `/home/zenmi/Projects/manga-dl/dataconnect`
E0531 09:04:51.792506    4133 watch.go:116] watchAllDir unable to walk dir `/home/zenmi/Projects/manga-dl/dataconnect`: lstat /home/zenmi/Projects/manga-dl/dataconnect: no such file or directory
I0531 09:04:51.787397    4133 dev.go:104] Listening on address (HTTP + gRPC): 127.0.0.1:50001
 {"metadata":{"emulator":{"name":"dataconnect"},"message":"E0531 09:04:51.776959    4133 dev.go:83] Failed to load initial config from \"/home/zenmi/Projects/manga-dl/dataconnect\": could not find dataconnect.yaml in `/home/zenmi/Projects/manga-dl/dataconnect`\nE0531 09:04:51.792506    4133 watch.go:116] watchAllDir unable to walk dir `/home/zenmi/Projects/manga-dl/dataconnect`: lstat /home/zenmi/Projects/manga-dl/dataconnect: no such file or directory\nI0531 09:04:51.787397    4133 dev.go:104] Listening on address (HTTP + gRPC): 127.0.0.1:50001\n"}}
[error] [Firebase Plugin] error:  {}
[debug] [2026-05-31T08:04:52.540Z] <<< [apiv2][status] POST https://www.googleapis.com/oauth2/v3/token 200
[debug] [2026-05-31T08:04:52.541Z] <<< [apiv2][body] POST https://www.googleapis.com/oauth2/v3/token [omitted]
[debug] [2026-05-31T08:04:52.561Z] [Firebase Plugin] User found:  ireakindavid@gmail.com
[info] [Firebase Plugin] (Core:Project) New user detected, fetching projects
[debug] [2026-05-31T08:04:52.571Z] Checked if tokens are valid: true, expires at: 1780218291542
[debug] [2026-05-31T08:04:52.577Z] >>> [apiv2][query] GET https://firebase.googleapis.com/v1beta1/projects pageSize=1000
[debug] [2026-05-31T08:04:53.650Z] <<< [apiv2][status] GET https://firebase.googleapis.com/v1beta1/projects 200
[debug] [2026-05-31T08:04:53.651Z] <<< [apiv2][body] GET https://firebase.googleapis.com/v1beta1/projects [omitted]
[debug] [2026-05-31T08:05:01.794Z] E0531 09:05:01.793907    4133 watch.go:40] Failed to load config from "/home/zenmi/Projects/manga-dl/dataconnect": could not find dataconnect.yaml in `/home/zenmi/Projects/manga-dl/dataconnect`
 {"metadata":{"emulator":{"name":"dataconnect"},"message":"E0531 09:05:01.793907    4133 watch.go:40] Failed to load config from \"/home/zenmi/Projects/manga-dl/dataconnect\": could not find dataconnect.yaml in `/home/zenmi/Projects/manga-dl/dataconnect`\n"}}
[debug] [2026-05-31T08:05:11.802Z] E0531 09:05:11.802096    4133 watch.go:40] Failed to load config from "/home/zenmi/Projects/manga-dl/dataconnect": could not find dataconnect.yaml in `/home/zenmi/Projects/manga-dl/dataconnect`
 {"metadata":{"emulator":{"name":"dataconnect"},"message":"E0531 09:05:11.802096    4133 watch.go:40] Failed to load config from \"/home/zenmi/Projects/manga-dl/dataconnect\": could not find dataconnect.yaml in `/home/zenmi/Projects/manga-dl/dataconnect`\n"}}
[debug] [2026-05-31T08:05:21.794Z] E0531 09:05:21.793438    4133 watch.go:40] Failed to load config from "/home/zenmi/Projects/manga-dl/dataconnect": could not find dataconnect.yaml in `/home/zenmi/Projects/manga-dl/dataconnect`
 {"metadata":{"emulator":{"name":"dataconnect"},"message":"E0531 09:05:21.793438    4133 watch.go:40] Failed to load config from \"/home/zenmi/Projects/manga-dl/dataconnect\": could not find dataconnect.yaml in `/home/zenmi/Projects/manga-dl/dataconnect`\n"}}
[debug] [2026-05-31T08:05:31.803Z] E0531 09:05:31.802568    4133 watch.go:40] Failed to load config from "/home/zenmi/Projects/manga-dl/dataconnect": could not find dataconnect.yaml in `/home/zenmi/Projects/manga-dl/dataconnect`
 {"metadata":{"emulator":{"name":"dataconnect"},"message":"E0531 09:05:31.802568    4133 watch.go:40] Failed to load config from \"/home/zenmi/Projects/manga-dl/dataconnect\": could not find dataconnect.yaml in `/home/zenmi/Projects/manga-dl/dataconnect`\n"}}
[debug] [2026-05-31T08:05:41.802Z] E0531 09:05:41.801978    4133 watch.go:40] Failed to load config from "/home/zenmi/Projects/manga-dl/dataconnect": could not find dataconnect.yaml in `/home/zenmi/Projects/manga-dl/dataconnect`
 {"metadata":{"emulator":{"name":"dataconnect"},"message":"E0531 09:05:41.801978    4133 watch.go:40] Failed to load config from \"/home/zenmi/Projects/manga-dl/dataconnect\": could not find dataconnect.yaml in `/home/zenmi/Projects/manga-dl/dataconnect`\n"}}
[debug] [2026-05-31T08:05:51.793Z] E0531 09:05:51.793274    4133 watch.go:116] watchAllDir unable to walk dir `/home/zenmi/Projects/manga-dl/dataconnect`: lstat /home/zenmi/Projects/manga-dl/dataconnect: no such file or directory
E0531 09:05:51.793425    4133 watch.go:40] Failed to load config from "/home/zenmi/Projects/manga-dl/dataconnect": could not find dataconnect.yaml in `/home/zenmi/Projects/manga-dl/dataconnect`
 {"metadata":{"emulator":{"name":"dataconnect"},"message":"E0531 09:05:51.793274    4133 watch.go:116] watchAllDir unable to walk dir `/home/zenmi/Projects/manga-dl/dataconnect`: lstat /home/zenmi/Projects/manga-dl/dataconnect: no such file or directory\nE0531 09:05:51.793425    4133 watch.go:40] Failed to load config from \"/home/zenmi/Projects/manga-dl/dataconnect\": could not find dataconnect.yaml in `/home/zenmi/Projects/manga-dl/dataconnect`\n"}}
[debug] [2026-05-31T08:06:01.802Z] E0531 09:06:01.802064    4133 watch.go:40] Failed to load config from "/home/zenmi/Projects/manga-dl/dataconnect": could not find dataconnect.yaml in `/home/zenmi/Projects/manga-dl/dataconnect`
 {"metadata":{"emulator":{"name":"dataconnect"},"message":"E0531 09:06:01.802064    4133 watch.go:40] Failed to load config from \"/home/zenmi/Projects/manga-dl/dataconnect\": could not find dataconnect.yaml in `/home/zenmi/Projects/manga-dl/dataconnect`\n"}}
[debug] [2026-05-31T08:06:11.798Z] E0531 09:06:11.798177    4133 watch.go:40] Failed to load config from "/home/zenmi/Projects/manga-dl/dataconnect": could not find dataconnect.yaml in `/home/zenmi/Projects/manga-dl/dataconnect`
 {"metadata":{"emulator":{"name":"dataconnect"},"message":"E0531 09:06:11.798177    4133 watch.go:40] Failed to load config from \"/home/zenmi/Projects/manga-dl/dataconnect\": could not find dataconnect.yaml in `/home/zenmi/Projects/manga-dl/dataconnect`\n"}}
[debug] [2026-05-31T08:06:21.794Z] E0531 09:06:21.793616    4133 watch.go:40] Failed to load config from "/home/zenmi/Projects/manga-dl/dataconnect": could not find dataconnect.yaml in `/home/zenmi/Projects/manga-dl/dataconnect`
 {"metadata":{"emulator":{"name":"dataconnect"},"message":"E0531 09:06:21.793616    4133 watch.go:40] Failed to load config from \"/home/zenmi/Projects/manga-dl/dataconnect\": could not find dataconnect.yaml in `/home/zenmi/Projects/manga-dl/dataconnect`\n"}}
[debug] [2026-05-31T08:06:31.801Z] E0531 09:06:31.800956    4133 watch.go:40] Failed to load config from "/home/zenmi/Projects/manga-dl/dataconnect": could not find dataconnect.yaml in `/home/zenmi/Projects/manga-dl/dataconnect`
 {"metadata":{"emulator":{"name":"dataconnect"},"message":"E0531 09:06:31.800956    4133 watch.go:40] Failed to load config from \"/home/zenmi/Projects/manga-dl/dataconnect\": could not find dataconnect.yaml in `/home/zenmi/Projects/manga-dl/dataconnect`\n"}}
[debug] [2026-05-31T08:06:41.802Z] E0531 09:06:41.802083    4133 watch.go:40] Failed to load config from "/home/zenmi/Projects/manga-dl/dataconnect": could not find dataconnect.yaml in `/home/zenmi/Projects/manga-dl/dataconnect`
 {"metadata":{"emulator":{"name":"dataconnect"},"message":"E0531 09:06:41.802083    4133 watch.go:40] Failed to load config from \"/home/zenmi/Projects/manga-dl/dataconnect\": could not find dataconnect.yaml in `/home/zenmi/Projects/manga-dl/dataconnect`\n"}}
[debug] [2026-05-31T08:06:51.793Z] E0531 09:06:51.793379    4133 watch.go:116] watchAllDir unable to walk dir `/home/zenmi/Projects/manga-dl/dataconnect`: lstat /home/zenmi/Projects/manga-dl/dataconnect: no such file or directory
E0531 09:06:51.793535    4133 watch.go:40] Failed to load config from "/home/zenmi/Projects/manga-dl/dataconnect": could not find dataconnect.yaml in `/home/zenmi/Projects/manga-dl/dataconnect`
 {"metadata":{"emulator":{"name":"dataconnect"},"message":"E0531 09:06:51.793379    4133 watch.go:116] watchAllDir unable to walk dir `/home/zenmi/Projects/manga-dl/dataconnect`: lstat /home/zenmi/Projects/manga-dl/dataconnect: no such file or directory\nE0531 09:06:51.793535    4133 watch.go:40] Failed to load config from \"/home/zenmi/Projects/manga-dl/dataconnect\": could not find dataconnect.yaml in `/home/zenmi/Projects/manga-dl/dataconnect`\n"}}
[debug] [2026-05-31T08:07:01.793Z] E0531 09:07:01.793116    4133 watch.go:40] Failed to load config from "/home/zenmi/Projects/manga-dl/dataconnect": could not find dataconnect.yaml in `/home/zenmi/Projects/manga-dl/dataconnect`
 {"metadata":{"emulator":{"name":"dataconnect"},"message":"E0531 09:07:01.793116    4133 watch.go:40] Failed to load config from \"/home/zenmi/Projects/manga-dl/dataconnect\": could not find dataconnect.yaml in `/home/zenmi/Projects/manga-dl/dataconnect`\n"}}
[debug] [2026-05-31T08:07:11.792Z] E0531 09:07:11.792745    4133 watch.go:40] Failed to load config from "/home/zenmi/Projects/manga-dl/dataconnect": could not find dataconnect.yaml in `/home/zenmi/Projects/manga-dl/dataconnect`
 {"metadata":{"emulator":{"name":"dataconnect"},"message":"E0531 09:07:11.792745    4133 watch.go:40] Failed to load config from \"/home/zenmi/Projects/manga-dl/dataconnect\": could not find dataconnect.yaml in `/home/zenmi/Projects/manga-dl/dataconnect`\n"}}
[debug] [2026-05-31T08:07:21.794Z] E0531 09:07:21.793484    4133 watch.go:40] Failed to load config from "/home/zenmi/Projects/manga-dl/dataconnect": could not find dataconnect.yaml in `/home/zenmi/Projects/manga-dl/dataconnect`
 {"metadata":{"emulator":{"name":"dataconnect"},"message":"E0531 09:07:21.793484    4133 watch.go:40] Failed to load config from \"/home/zenmi/Projects/manga-dl/dataconnect\": could not find dataconnect.yaml in `/home/zenmi/Projects/manga-dl/dataconnect`\n"}}
[debug] [2026-05-31T08:07:31.799Z] E0531 09:07:31.798726    4133 watch.go:40] Failed to load config from "/home/zenmi/Projects/manga-dl/dataconnect": could not find dataconnect.yaml in `/home/zenmi/Projects/manga-dl/dataconnect`
 {"metadata":{"emulator":{"name":"dataconnect"},"message":"E0531 09:07:31.798726    4133 watch.go:40] Failed to load config from \"/home/zenmi/Projects/manga-dl/dataconnect\": could not find dataconnect.yaml in `/home/zenmi/Projects/manga-dl/dataconnect`\n"}}
[debug] [2026-05-31T08:07:41.793Z] E0531 09:07:41.792979    4133 watch.go:40] Failed to load config from "/home/zenmi/Projects/manga-dl/dataconnect": could not find dataconnect.yaml in `/home/zenmi/Projects/manga-dl/dataconnect`
 {"metadata":{"emulator":{"name":"dataconnect"},"message":"E0531 09:07:41.792979    4133 watch.go:40] Failed to load config from \"/home/zenmi/Projects/manga-dl/dataconnect\": could not find dataconnect.yaml in `/home/zenmi/Projects/manga-dl/dataconnect`\n"}}
[debug] [2026-05-31T08:07:51.793Z] E0531 09:07:51.793279    4133 watch.go:116] watchAllDir unable to walk dir `/home/zenmi/Projects/manga-dl/dataconnect`: lstat /home/zenmi/Projects/manga-dl/dataconnect: no such file or directory
E0531 09:07:51.793352    4133 watch.go:40] Failed to load config from "/home/zenmi/Projects/manga-dl/dataconnect": could not find dataconnect.yaml in `/home/zenmi/Projects/manga-dl/dataconnect`
 {"metadata":{"emulator":{"name":"dataconnect"},"message":"E0531 09:07:51.793279    4133 watch.go:116] watchAllDir unable to walk dir `/home/zenmi/Projects/manga-dl/dataconnect`: lstat /home/zenmi/Projects/manga-dl/dataconnect: no such file or directory\nE0531 09:07:51.793352    4133 watch.go:40] Failed to load config from \"/home/zenmi/Projects/manga-dl/dataconnect\": could not find dataconnect.yaml in `/home/zenmi/Projects/manga-dl/dataconnect`\n"}}
[debug] [2026-05-31T08:08:01.797Z] E0531 09:08:01.797088    4133 watch.go:40] Failed to load config from "/home/zenmi/Projects/manga-dl/dataconnect": could not find dataconnect.yaml in `/home/zenmi/Projects/manga-dl/dataconnect`
 {"metadata":{"emulator":{"name":"dataconnect"},"message":"E0531 09:08:01.797088    4133 watch.go:40] Failed to load config from \"/home/zenmi/Projects/manga-dl/dataconnect\": could not find dataconnect.yaml in `/home/zenmi/Projects/manga-dl/dataconnect`\n"}}
[debug] [2026-05-31T08:08:11.802Z] E0531 09:08:11.802271    4133 watch.go:40] Failed to load config from "/home/zenmi/Projects/manga-dl/dataconnect": could not find dataconnect.yaml in `/home/zenmi/Projects/manga-dl/dataconnect`
 {"metadata":{"emulator":{"name":"dataconnect"},"message":"E0531 09:08:11.802271    4133 watch.go:40] Failed to load config from \"/home/zenmi/Projects/manga-dl/dataconnect\": could not find dataconnect.yaml in `/home/zenmi/Projects/manga-dl/dataconnect`\n"}}
[debug] [2026-05-31T08:08:21.793Z] E0531 09:08:21.793292    4133 watch.go:40] Failed to load config from "/home/zenmi/Projects/manga-dl/dataconnect": could not find dataconnect.yaml in `/home/zenmi/Projects/manga-dl/dataconnect`
 {"metadata":{"emulator":{"name":"dataconnect"},"message":"E0531 09:08:21.793292    4133 watch.go:40] Failed to load config from \"/home/zenmi/Projects/manga-dl/dataconnect\": could not find dataconnect.yaml in `/home/zenmi/Projects/manga-dl/dataconnect`\n"}}
[debug] [2026-05-31T08:08:31.797Z] E0531 09:08:31.797480    4133 watch.go:40] Failed to load config from "/home/zenmi/Projects/manga-dl/dataconnect": could not find dataconnect.yaml in `/home/zenmi/Projects/manga-dl/dataconnect`
 {"metadata":{"emulator":{"name":"dataconnect"},"message":"E0531 09:08:31.797480    4133 watch.go:40] Failed to load config from \"/home/zenmi/Projects/manga-dl/dataconnect\": could not find dataconnect.yaml in `/home/zenmi/Projects/manga-dl/dataconnect`\n"}}
[debug] [2026-05-31T08:08:41.803Z] E0531 09:08:41.802700    4133 watch.go:40] Failed to load config from "/home/zenmi/Projects/manga-dl/dataconnect": could not find dataconnect.yaml in `/home/zenmi/Projects/manga-dl/dataconnect`
 {"metadata":{"emulator":{"name":"dataconnect"},"message":"E0531 09:08:41.802700    4133 watch.go:40] Failed to load config from \"/home/zenmi/Projects/manga-dl/dataconnect\": could not find dataconnect.yaml in `/home/zenmi/Projects/manga-dl/dataconnect`\n"}}
[debug] [2026-05-31T08:08:51.793Z] E0531 09:08:51.793052    4133 watch.go:116] watchAllDir unable to walk dir `/home/zenmi/Projects/manga-dl/dataconnect`: lstat /home/zenmi/Projects/manga-dl/dataconnect: no such file or directory
E0531 09:08:51.793129    4133 watch.go:40] Failed to load config from "/home/zenmi/Projects/manga-dl/dataconnect": could not find dataconnect.yaml in `/home/zenmi/Projects/manga-dl/dataconnect`
 {"metadata":{"emulator":{"name":"dataconnect"},"message":"E0531 09:08:51.793052    4133 watch.go:116] watchAllDir unable to walk dir `/home/zenmi/Projects/manga-dl/dataconnect`: lstat /home/zenmi/Projects/manga-dl/dataconnect: no such file or directory\nE0531 09:08:51.793129    4133 watch.go:40] Failed to load config from \"/home/zenmi/Projects/manga-dl/dataconnect\": could not find dataconnect.yaml in `/home/zenmi/Projects/manga-dl/dataconnect`\n"}}
[debug] [2026-05-31T08:09:01.801Z] E0531 09:09:01.801313    4133 watch.go:40] Failed to load config from "/home/zenmi/Projects/manga-dl/dataconnect": could not find dataconnect.yaml in `/home/zenmi/Projects/manga-dl/dataconnect`
 {"metadata":{"emulator":{"name":"dataconnect"},"message":"E0531 09:09:01.801313    4133 watch.go:40] Failed to load config from \"/home/zenmi/Projects/manga-dl/dataconnect\": could not find dataconnect.yaml in `/home/zenmi/Projects/manga-dl/dataconnect`\n"}}
[debug] [2026-05-31T08:09:11.793Z] E0531 09:09:11.793397    4133 watch.go:40] Failed to load config from "/home/zenmi/Projects/manga-dl/dataconnect": could not find dataconnect.yaml in `/home/zenmi/Projects/manga-dl/dataconnect`
 {"metadata":{"emulator":{"name":"dataconnect"},"message":"E0531 09:09:11.793397    4133 watch.go:40] Failed to load config from \"/home/zenmi/Projects/manga-dl/dataconnect\": could not find dataconnect.yaml in `/home/zenmi/Projects/manga-dl/dataconnect`\n"}}
[debug] [2026-05-31T08:09:21.793Z] E0531 09:09:21.793280    4133 watch.go:40] Failed to load config from "/home/zenmi/Projects/manga-dl/dataconnect": could not find dataconnect.yaml in `/home/zenmi/Projects/manga-dl/dataconnect`
 {"metadata":{"emulator":{"name":"dataconnect"},"message":"E0531 09:09:21.793280    4133 watch.go:40] Failed to load config from \"/home/zenmi/Projects/manga-dl/dataconnect\": could not find dataconnect.yaml in `/home/zenmi/Projects/manga-dl/dataconnect`\n"}}
[debug] [2026-05-31T08:09:31.801Z] E0531 09:09:31.800954    4133 watch.go:40] Failed to load config from "/home/zenmi/Projects/manga-dl/dataconnect": could not find dataconnect.yaml in `/home/zenmi/Projects/manga-dl/dataconnect`
 {"metadata":{"emulator":{"name":"dataconnect"},"message":"E0531 09:09:31.800954    4133 watch.go:40] Failed to load config from \"/home/zenmi/Projects/manga-dl/dataconnect\": could not find dataconnect.yaml in `/home/zenmi/Projects/manga-dl/dataconnect`\n"}}
[debug] [2026-05-31T08:09:41.802Z] E0531 09:09:41.802059    4133 watch.go:40] Failed to load config from "/home/zenmi/Projects/manga-dl/dataconnect": could not find dataconnect.yaml in `/home/zenmi/Projects/manga-dl/dataconnect`
 {"metadata":{"emulator":{"name":"dataconnect"},"message":"E0531 09:09:41.802059    4133 watch.go:40] Failed to load config from \"/home/zenmi/Projects/manga-dl/dataconnect\": could not find dataconnect.yaml in `/home/zenmi/Projects/manga-dl/dataconnect`\n"}}
[debug] [2026-05-31T08:09:51.793Z] E0531 09:09:51.793241    4133 watch.go:116] watchAllDir unable to walk dir `/home/zenmi/Projects/manga-dl/dataconnect`: lstat /home/zenmi/Projects/manga-dl/dataconnect: no such file or directory
E0531 09:09:51.793473    4133 watch.go:40] Failed to load config from "/home/zenmi/Projects/manga-dl/dataconnect": could not find dataconnect.yaml in `/home/zenmi/Projects/manga-dl/dataconnect`
 {"metadata":{"emulator":{"name":"dataconnect"},"message":"E0531 09:09:51.793241    4133 watch.go:116] watchAllDir unable to walk dir `/home/zenmi/Projects/manga-dl/dataconnect`: lstat /home/zenmi/Projects/manga-dl/dataconnect: no such file or directory\nE0531 09:09:51.793473    4133 watch.go:40] Failed to load config from \"/home/zenmi/Projects/manga-dl/dataconnect\": could not find dataconnect.yaml in `/home/zenmi/Projects/manga-dl/dataconnect`\n"}}
[debug] [2026-05-31T08:10:01.802Z] E0531 09:10:01.802159    4133 watch.go:40] Failed to load config from "/home/zenmi/Projects/manga-dl/dataconnect": could not find dataconnect.yaml in `/home/zenmi/Projects/manga-dl/dataconnect`
 {"metadata":{"emulator":{"name":"dataconnect"},"message":"E0531 09:10:01.802159    4133 watch.go:40] Failed to load config from \"/home/zenmi/Projects/manga-dl/dataconnect\": could not find dataconnect.yaml in `/home/zenmi/Projects/manga-dl/dataconnect`\n"}}
[debug] [2026-05-31T08:10:11.802Z] E0531 09:10:11.802305    4133 watch.go:40] Failed to load config from "/home/zenmi/Projects/manga-dl/dataconnect": could not find dataconnect.yaml in `/home/zenmi/Projects/manga-dl/dataconnect`
 {"metadata":{"emulator":{"name":"dataconnect"},"message":"E0531 09:10:11.802305    4133 watch.go:40] Failed to load config from \"/home/zenmi/Projects/manga-dl/dataconnect\": could not find dataconnect.yaml in `/home/zenmi/Projects/manga-dl/dataconnect`\n"}}
[debug] [2026-05-31T08:10:21.794Z] E0531 09:10:21.793513    4133 watch.go:40] Failed to load config from "/home/zenmi/Projects/manga-dl/dataconnect": could not find dataconnect.yaml in `/home/zenmi/Projects/manga-dl/dataconnect`
 {"metadata":{"emulator":{"name":"dataconnect"},"message":"E0531 09:10:21.793513    4133 watch.go:40] Failed to load config from \"/home/zenmi/Projects/manga-dl/dataconnect\": could not find dataconnect.yaml in `/home/zenmi/Projects/manga-dl/dataconnect`\n"}}
[debug] [2026-05-31T08:10:31.802Z] E0531 09:10:31.802025    4133 watch.go:40] Failed to load config from "/home/zenmi/Projects/manga-dl/dataconnect": could not find dataconnect.yaml in `/home/zenmi/Projects/manga-dl/dataconnect`
 {"metadata":{"emulator":{"name":"dataconnect"},"message":"E0531 09:10:31.802025    4133 watch.go:40] Failed to load config from \"/home/zenmi/Projects/manga-dl/dataconnect\": could not find dataconnect.yaml in `/home/zenmi/Projects/manga-dl/dataconnect`\n"}}
[debug] [2026-05-31T08:10:41.802Z] E0531 09:10:41.801883    4133 watch.go:40] Failed to load config from "/home/zenmi/Projects/manga-dl/dataconnect": could not find dataconnect.yaml in `/home/zenmi/Projects/manga-dl/dataconnect`
 {"metadata":{"emulator":{"name":"dataconnect"},"message":"E0531 09:10:41.801883    4133 watch.go:40] Failed to load config from \"/home/zenmi/Projects/manga-dl/dataconnect\": could not find dataconnect.yaml in `/home/zenmi/Projects/manga-dl/dataconnect`\n"}}
[debug] [2026-05-31T08:10:51.793Z] E0531 09:10:51.793272    4133 watch.go:116] watchAllDir unable to walk dir `/home/zenmi/Projects/manga-dl/dataconnect`: lstat /home/zenmi/Projects/manga-dl/dataconnect: no such file or directory
E0531 09:10:51.793370    4133 watch.go:40] Failed to load config from "/home/zenmi/Projects/manga-dl/dataconnect": could not find dataconnect.yaml in `/home/zenmi/Projects/manga-dl/dataconnect`
 {"metadata":{"emulator":{"name":"dataconnect"},"message":"E0531 09:10:51.793272    4133 watch.go:116] watchAllDir unable to walk dir `/home/zenmi/Projects/manga-dl/dataconnect`: lstat /home/zenmi/Projects/manga-dl/dataconnect: no such file or directory\nE0531 09:10:51.793370    4133 watch.go:40] Failed to load config from \"/home/zenmi/Projects/manga-dl/dataconnect\": could not find dataconnect.yaml in `/home/zenmi/Projects/manga-dl/dataconnect`\n"}}
[debug] [2026-05-31T08:11:01.802Z] E0531 09:11:01.802549    4133 watch.go:40] Failed to load config from "/home/zenmi/Projects/manga-dl/dataconnect": could not find dataconnect.yaml in `/home/zenmi/Projects/manga-dl/dataconnect`
 {"metadata":{"emulator":{"name":"dataconnect"},"message":"E0531 09:11:01.802549    4133 watch.go:40] Failed to load config from \"/home/zenmi/Projects/manga-dl/dataconnect\": could not find dataconnect.yaml in `/home/zenmi/Projects/manga-dl/dataconnect`\n"}}
[debug] [2026-05-31T08:11:11.802Z] E0531 09:11:11.802029    4133 watch.go:40] Failed to load config from "/home/zenmi/Projects/manga-dl/dataconnect": could not find dataconnect.yaml in `/home/zenmi/Projects/manga-dl/dataconnect`
 {"metadata":{"emulator":{"name":"dataconnect"},"message":"E0531 09:11:11.802029    4133 watch.go:40] Failed to load config from \"/home/zenmi/Projects/manga-dl/dataconnect\": could not find dataconnect.yaml in `/home/zenmi/Projects/manga-dl/dataconnect`\n"}}
[debug] [2026-05-31T08:11:21.793Z] E0531 09:11:21.792995    4133 watch.go:40] Failed to load config from "/home/zenmi/Projects/manga-dl/dataconnect": could not find dataconnect.yaml in `/home/zenmi/Projects/manga-dl/dataconnect`
 {"metadata":{"emulator":{"name":"dataconnect"},"message":"E0531 09:11:21.792995    4133 watch.go:40] Failed to load config from \"/home/zenmi/Projects/manga-dl/dataconnect\": could not find dataconnect.yaml in `/home/zenmi/Projects/manga-dl/dataconnect`\n"}}
[debug] [2026-05-31T08:11:31.802Z] E0531 09:11:31.801972    4133 watch.go:40] Failed to load config from "/home/zenmi/Projects/manga-dl/dataconnect": could not find dataconnect.yaml in `/home/zenmi/Projects/manga-dl/dataconnect`
 {"metadata":{"emulator":{"name":"dataconnect"},"message":"E0531 09:11:31.801972    4133 watch.go:40] Failed to load config from \"/home/zenmi/Projects/manga-dl/dataconnect\": could not find dataconnect.yaml in `/home/zenmi/Projects/manga-dl/dataconnect`\n"}}
[debug] [2026-05-31T08:11:41.802Z] E0531 09:11:41.802171    4133 watch.go:40] Failed to load config from "/home/zenmi/Projects/manga-dl/dataconnect": could not find dataconnect.yaml in `/home/zenmi/Projects/manga-dl/dataconnect`
 {"metadata":{"emulator":{"name":"dataconnect"},"message":"E0531 09:11:41.802171    4133 watch.go:40] Failed to load config from \"/home/zenmi/Projects/manga-dl/dataconnect\": could not find dataconnect.yaml in `/home/zenmi/Projects/manga-dl/dataconnect`\n"}}
[debug] [2026-05-31T08:11:51.794Z] E0531 09:11:51.793286    4133 watch.go:116] watchAllDir unable to walk dir `/home/zenmi/Projects/manga-dl/dataconnect`: lstat /home/zenmi/Projects/manga-dl/dataconnect: no such file or directory
E0531 09:11:51.793544    4133 watch.go:40] Failed to load config from "/home/zenmi/Projects/manga-dl/dataconnect": could not find dataconnect.yaml in `/home/zenmi/Projects/manga-dl/dataconnect`
 {"metadata":{"emulator":{"name":"dataconnect"},"message":"E0531 09:11:51.793286    4133 watch.go:116] watchAllDir unable to walk dir `/home/zenmi/Projects/manga-dl/dataconnect`: lstat /home/zenmi/Projects/manga-dl/dataconnect: no such file or directory\nE0531 09:11:51.793544    4133 watch.go:40] Failed to load config from \"/home/zenmi/Projects/manga-dl/dataconnect\": could not find dataconnect.yaml in `/home/zenmi/Projects/manga-dl/dataconnect`\n"}}
[debug] [2026-05-31T08:12:01.801Z] E0531 09:12:01.801144    4133 watch.go:40] Failed to load config from "/home/zenmi/Projects/manga-dl/dataconnect": could not find dataconnect.yaml in `/home/zenmi/Projects/manga-dl/dataconnect`
 {"metadata":{"emulator":{"name":"dataconnect"},"message":"E0531 09:12:01.801144    4133 watch.go:40] Failed to load config from \"/home/zenmi/Projects/manga-dl/dataconnect\": could not find dataconnect.yaml in `/home/zenmi/Projects/manga-dl/dataconnect`\n"}}
[debug] [2026-05-31T08:12:11.800Z] E0531 09:12:11.800493    4133 watch.go:40] Failed to load config from "/home/zenmi/Projects/manga-dl/dataconnect": could not find dataconnect.yaml in `/home/zenmi/Projects/manga-dl/dataconnect`
 {"metadata":{"emulator":{"name":"dataconnect"},"message":"E0531 09:12:11.800493    4133 watch.go:40] Failed to load config from \"/home/zenmi/Projects/manga-dl/dataconnect\": could not find dataconnect.yaml in `/home/zenmi/Projects/manga-dl/dataconnect`\n"}}
[debug] [2026-05-31T08:12:21.793Z] E0531 09:12:21.793402    4133 watch.go:40] Failed to load config from "/home/zenmi/Projects/manga-dl/dataconnect": could not find dataconnect.yaml in `/home/zenmi/Projects/manga-dl/dataconnect`
 {"metadata":{"emulator":{"name":"dataconnect"},"message":"E0531 09:12:21.793402    4133 watch.go:40] Failed to load config from \"/home/zenmi/Projects/manga-dl/dataconnect\": could not find dataconnect.yaml in `/home/zenmi/Projects/manga-dl/dataconnect`\n"}}
[debug] [2026-05-31T08:12:31.808Z] E0531 09:12:31.802009    4133 watch.go:40] Failed to load config from "/home/zenmi/Projects/manga-dl/dataconnect": could not find dataconnect.yaml in `/home/zenmi/Projects/manga-dl/dataconnect`
 {"metadata":{"emulator":{"name":"dataconnect"},"message":"E0531 09:12:31.802009    4133 watch.go:40] Failed to load config from \"/home/zenmi/Projects/manga-dl/dataconnect\": could not find dataconnect.yaml in `/home/zenmi/Projects/manga-dl/dataconnect`\n"}}
[debug] [2026-05-31T08:12:41.802Z] E0531 09:12:41.802048    4133 watch.go:40] Failed to load config from "/home/zenmi/Projects/manga-dl/dataconnect": could not find dataconnect.yaml in `/home/zenmi/Projects/manga-dl/dataconnect`
 {"metadata":{"emulator":{"name":"dataconnect"},"message":"E0531 09:12:41.802048    4133 watch.go:40] Failed to load config from \"/home/zenmi/Projects/manga-dl/dataconnect\": could not find dataconnect.yaml in `/home/zenmi/Projects/manga-dl/dataconnect`\n"}}
[debug] [2026-05-31T08:12:51.793Z] E0531 09:12:51.793091    4133 watch.go:116] watchAllDir unable to walk dir `/home/zenmi/Projects/manga-dl/dataconnect`: lstat /home/zenmi/Projects/manga-dl/dataconnect: no such file or directory
E0531 09:12:51.793219    4133 watch.go:40] Failed to load config from "/home/zenmi/Projects/manga-dl/dataconnect": could not find dataconnect.yaml in `/home/zenmi/Projects/manga-dl/dataconnect`
 {"metadata":{"emulator":{"name":"dataconnect"},"message":"E0531 09:12:51.793091    4133 watch.go:116] watchAllDir unable to walk dir `/home/zenmi/Projects/manga-dl/dataconnect`: lstat /home/zenmi/Projects/manga-dl/dataconnect: no such file or directory\nE0531 09:12:51.793219    4133 watch.go:40] Failed to load config from \"/home/zenmi/Projects/manga-dl/dataconnect\": could not find dataconnect.yaml in `/home/zenmi/Projects/manga-dl/dataconnect`\n"}}
[debug] [2026-05-31T08:13:01.849Z] E0531 09:13:01.804893    4133 watch.go:40] Failed to load config from "/home/zenmi/Projects/manga-dl/dataconnect": could not find dataconnect.yaml in `/home/zenmi/Projects/manga-dl/dataconnect`
 {"metadata":{"emulator":{"name":"dataconnect"},"message":"E0531 09:13:01.804893    4133 watch.go:40] Failed to load config from \"/home/zenmi/Projects/manga-dl/dataconnect\": could not find dataconnect.yaml in `/home/zenmi/Projects/manga-dl/dataconnect`\n"}}
[debug] [2026-05-31T08:13:11.802Z] E0531 09:13:11.802187    4133 watch.go:40] Failed to load config from "/home/zenmi/Projects/manga-dl/dataconnect": could not find dataconnect.yaml in `/home/zenmi/Projects/manga-dl/dataconnect`
 {"metadata":{"emulator":{"name":"dataconnect"},"message":"E0531 09:13:11.802187    4133 watch.go:40] Failed to load config from \"/home/zenmi/Projects/manga-dl/dataconnect\": could not find dataconnect.yaml in `/home/zenmi/Projects/manga-dl/dataconnect`\n"}}
[debug] [2026-05-31T08:13:21.793Z] E0531 09:13:21.793203    4133 watch.go:40] Failed to load config from "/home/zenmi/Projects/manga-dl/dataconnect": could not find dataconnect.yaml in `/home/zenmi/Projects/manga-dl/dataconnect`
 {"metadata":{"emulator":{"name":"dataconnect"},"message":"E0531 09:13:21.793203    4133 watch.go:40] Failed to load config from \"/home/zenmi/Projects/manga-dl/dataconnect\": could not find dataconnect.yaml in `/home/zenmi/Projects/manga-dl/dataconnect`\n"}}
[debug] [2026-05-31T08:13:31.793Z] E0531 09:13:31.792961    4133 watch.go:40] Failed to load config from "/home/zenmi/Projects/manga-dl/dataconnect": could not find dataconnect.yaml in `/home/zenmi/Projects/manga-dl/dataconnect`
 {"metadata":{"emulator":{"name":"dataconnect"},"message":"E0531 09:13:31.792961    4133 watch.go:40] Failed to load config from \"/home/zenmi/Projects/manga-dl/dataconnect\": could not find dataconnect.yaml in `/home/zenmi/Projects/manga-dl/dataconnect`\n"}}
[debug] [2026-05-31T08:13:41.800Z] E0531 09:13:41.799716    4133 watch.go:40] Failed to load config from "/home/zenmi/Projects/manga-dl/dataconnect": could not find dataconnect.yaml in `/home/zenmi/Projects/manga-dl/dataconnect`
 {"metadata":{"emulator":{"name":"dataconnect"},"message":"E0531 09:13:41.799716    4133 watch.go:40] Failed to load config from \"/home/zenmi/Projects/manga-dl/dataconnect\": could not find dataconnect.yaml in `/home/zenmi/Projects/manga-dl/dataconnect`\n"}}
[debug] [2026-05-31T08:13:51.793Z] E0531 09:13:51.793141    4133 watch.go:116] watchAllDir unable to walk dir `/home/zenmi/Projects/manga-dl/dataconnect`: lstat /home/zenmi/Projects/manga-dl/dataconnect: no such file or directory
E0531 09:13:51.793265    4133 watch.go:40] Failed to load config from "/home/zenmi/Projects/manga-dl/dataconnect": could not find dataconnect.yaml in `/home/zenmi/Projects/manga-dl/dataconnect`
 {"metadata":{"emulator":{"name":"dataconnect"},"message":"E0531 09:13:51.793141    4133 watch.go:116] watchAllDir unable to walk dir `/home/zenmi/Projects/manga-dl/dataconnect`: lstat /home/zenmi/Projects/manga-dl/dataconnect: no such file or directory\nE0531 09:13:51.793265    4133 watch.go:40] Failed to load config from \"/home/zenmi/Projects/manga-dl/dataconnect\": could not find dataconnect.yaml in `/home/zenmi/Projects/manga-dl/dataconnect`\n"}}
[debug] [2026-05-31T08:14:01.848Z] E0531 09:14:01.806108    4133 watch.go:40] Failed to load config from "/home/zenmi/Projects/manga-dl/dataconnect": could not find dataconnect.yaml in `/home/zenmi/Projects/manga-dl/dataconnect`
 {"metadata":{"emulator":{"name":"dataconnect"},"message":"E0531 09:14:01.806108    4133 watch.go:40] Failed to load config from \"/home/zenmi/Projects/manga-dl/dataconnect\": could not find dataconnect.yaml in `/home/zenmi/Projects/manga-dl/dataconnect`\n"}}
[debug] [2026-05-31T08:14:11.802Z] E0531 09:14:11.802283    4133 watch.go:40] Failed to load config from "/home/zenmi/Projects/manga-dl/dataconnect": could not find dataconnect.yaml in `/home/zenmi/Projects/manga-dl/dataconnect`
 {"metadata":{"emulator":{"name":"dataconnect"},"message":"E0531 09:14:11.802283    4133 watch.go:40] Failed to load config from \"/home/zenmi/Projects/manga-dl/dataconnect\": could not find dataconnect.yaml in `/home/zenmi/Projects/manga-dl/dataconnect`\n"}}
[debug] [2026-05-31T08:14:21.793Z] E0531 09:14:21.793269    4133 watch.go:40] Failed to load config from "/home/zenmi/Projects/manga-dl/dataconnect": could not find dataconnect.yaml in `/home/zenmi/Projects/manga-dl/dataconnect`
 {"metadata":{"emulator":{"name":"dataconnect"},"message":"E0531 09:14:21.793269    4133 watch.go:40] Failed to load config from \"/home/zenmi/Projects/manga-dl/dataconnect\": could not find dataconnect.yaml in `/home/zenmi/Projects/manga-dl/dataconnect`\n"}}
[debug] [2026-05-31T08:14:31.797Z] E0531 09:14:31.797465    4133 watch.go:40] Failed to load config from "/home/zenmi/Projects/manga-dl/dataconnect": could not find dataconnect.yaml in `/home/zenmi/Projects/manga-dl/dataconnect`
 {"metadata":{"emulator":{"name":"dataconnect"},"message":"E0531 09:14:31.797465    4133 watch.go:40] Failed to load config from \"/home/zenmi/Projects/manga-dl/dataconnect\": could not find dataconnect.yaml in `/home/zenmi/Projects/manga-dl/dataconnect`\n"}}
[debug] [2026-05-31T08:14:41.796Z] E0531 09:14:41.795702    4133 watch.go:40] Failed to load config from "/home/zenmi/Projects/manga-dl/dataconnect": could not find dataconnect.yaml in `/home/zenmi/Projects/manga-dl/dataconnect`
 {"metadata":{"emulator":{"name":"dataconnect"},"message":"E0531 09:14:41.795702    4133 watch.go:40] Failed to load config from \"/home/zenmi/Projects/manga-dl/dataconnect\": could not find dataconnect.yaml in `/home/zenmi/Projects/manga-dl/dataconnect`\n"}}
[debug] [2026-05-31T08:14:51.793Z] E0531 09:14:51.793065    4133 watch.go:116] watchAllDir unable to walk dir `/home/zenmi/Projects/manga-dl/dataconnect`: lstat /home/zenmi/Projects/manga-dl/dataconnect: no such file or directory
E0531 09:14:51.793101    4133 watch.go:40] Failed to load config from "/home/zenmi/Projects/manga-dl/dataconnect": could not find dataconnect.yaml in `/home/zenmi/Projects/manga-dl/dataconnect`
 {"metadata":{"emulator":{"name":"dataconnect"},"message":"E0531 09:14:51.793065    4133 watch.go:116] watchAllDir unable to walk dir `/home/zenmi/Projects/manga-dl/dataconnect`: lstat /home/zenmi/Projects/manga-dl/dataconnect: no such file or directory\nE0531 09:14:51.793101    4133 watch.go:40] Failed to load config from \"/home/zenmi/Projects/manga-dl/dataconnect\": could not find dataconnect.yaml in `/home/zenmi/Projects/manga-dl/dataconnect`\n"}}
[debug] [2026-05-31T08:15:01.802Z] E0531 09:15:01.802324    4133 watch.go:40] Failed to load config from "/home/zenmi/Projects/manga-dl/dataconnect": could not find dataconnect.yaml in `/home/zenmi/Projects/manga-dl/dataconnect`
 {"metadata":{"emulator":{"name":"dataconnect"},"message":"E0531 09:15:01.802324    4133 watch.go:40] Failed to load config from \"/home/zenmi/Projects/manga-dl/dataconnect\": could not find dataconnect.yaml in `/home/zenmi/Projects/manga-dl/dataconnect`\n"}}
[debug] [2026-05-31T08:15:11.802Z] E0531 09:15:11.802020    4133 watch.go:40] Failed to load config from "/home/zenmi/Projects/manga-dl/dataconnect": could not find dataconnect.yaml in `/home/zenmi/Projects/manga-dl/dataconnect`
 {"metadata":{"emulator":{"name":"dataconnect"},"message":"E0531 09:15:11.802020    4133 watch.go:40] Failed to load config from \"/home/zenmi/Projects/manga-dl/dataconnect\": could not find dataconnect.yaml in `/home/zenmi/Projects/manga-dl/dataconnect`\n"}}
[debug] [2026-05-31T08:15:21.793Z] E0531 09:15:21.793335    4133 watch.go:40] Failed to load config from "/home/zenmi/Projects/manga-dl/dataconnect": could not find dataconnect.yaml in `/home/zenmi/Projects/manga-dl/dataconnect`
 {"metadata":{"emulator":{"name":"dataconnect"},"message":"E0531 09:15:21.793335    4133 watch.go:40] Failed to load config from \"/home/zenmi/Projects/manga-dl/dataconnect\": could not find dataconnect.yaml in `/home/zenmi/Projects/manga-dl/dataconnect`\n"}}
[debug] [2026-05-31T08:15:31.794Z] E0531 09:15:31.793584    4133 watch.go:40] Failed to load config from "/home/zenmi/Projects/manga-dl/dataconnect": could not find dataconnect.yaml in `/home/zenmi/Projects/manga-dl/dataconnect`
 {"metadata":{"emulator":{"name":"dataconnect"},"message":"E0531 09:15:31.793584    4133 watch.go:40] Failed to load config from \"/home/zenmi/Projects/manga-dl/dataconnect\": could not find dataconnect.yaml in `/home/zenmi/Projects/manga-dl/dataconnect`\n"}}
[debug] [2026-05-31T08:15:41.793Z] E0531 09:15:41.792930    4133 watch.go:40] Failed to load config from "/home/zenmi/Projects/manga-dl/dataconnect": could not find dataconnect.yaml in `/home/zenmi/Projects/manga-dl/dataconnect`
 {"metadata":{"emulator":{"name":"dataconnect"},"message":"E0531 09:15:41.792930    4133 watch.go:40] Failed to load config from \"/home/zenmi/Projects/manga-dl/dataconnect\": could not find dataconnect.yaml in `/home/zenmi/Projects/manga-dl/dataconnect`\n"}}
[debug] [2026-05-31T08:15:51.793Z] E0531 09:15:51.793467    4133 watch.go:40] Failed to load config from "/home/zenmi/Projects/manga-dl/dataconnect": could not find dataconnect.yaml in `/home/zenmi/Projects/manga-dl/dataconnect`
E0531 09:15:51.793395    4133 watch.go:116] watchAllDir unable to walk dir `/home/zenmi/Projects/manga-dl/dataconnect`: lstat /home/zenmi/Projects/manga-dl/dataconnect: no such file or directory
 {"metadata":{"emulator":{"name":"dataconnect"},"message":"E0531 09:15:51.793467    4133 watch.go:40] Failed to load config from \"/home/zenmi/Projects/manga-dl/dataconnect\": could not find dataconnect.yaml in `/home/zenmi/Projects/manga-dl/dataconnect`\nE0531 09:15:51.793395    4133 watch.go:116] watchAllDir unable to walk dir `/home/zenmi/Projects/manga-dl/dataconnect`: lstat /home/zenmi/Projects/manga-dl/dataconnect: no such file or directory\n"}}
[debug] [2026-05-31T08:16:01.799Z] E0531 09:16:01.799298    4133 watch.go:40] Failed to load config from "/home/zenmi/Projects/manga-dl/dataconnect": could not find dataconnect.yaml in `/home/zenmi/Projects/manga-dl/dataconnect`
 {"metadata":{"emulator":{"name":"dataconnect"},"message":"E0531 09:16:01.799298    4133 watch.go:40] Failed to load config from \"/home/zenmi/Projects/manga-dl/dataconnect\": could not find dataconnect.yaml in `/home/zenmi/Projects/manga-dl/dataconnect`\n"}}
[debug] [2026-05-31T08:16:11.802Z] E0531 09:16:11.802490    4133 watch.go:40] Failed to load config from "/home/zenmi/Projects/manga-dl/dataconnect": could not find dataconnect.yaml in `/home/zenmi/Projects/manga-dl/dataconnect`
 {"metadata":{"emulator":{"name":"dataconnect"},"message":"E0531 09:16:11.802490    4133 watch.go:40] Failed to load config from \"/home/zenmi/Projects/manga-dl/dataconnect\": could not find dataconnect.yaml in `/home/zenmi/Projects/manga-dl/dataconnect`\n"}}
[debug] [2026-05-31T08:16:21.793Z] E0531 09:16:21.792909    4133 watch.go:40] Failed to load config from "/home/zenmi/Projects/manga-dl/dataconnect": could not find dataconnect.yaml in `/home/zenmi/Projects/manga-dl/dataconnect`
 {"metadata":{"emulator":{"name":"dataconnect"},"message":"E0531 09:16:21.792909    4133 watch.go:40] Failed to load config from \"/home/zenmi/Projects/manga-dl/dataconnect\": could not find dataconnect.yaml in `/home/zenmi/Projects/manga-dl/dataconnect`\n"}}
[debug] [2026-05-31T08:16:31.802Z] E0531 09:16:31.802110    4133 watch.go:40] Failed to load config from "/home/zenmi/Projects/manga-dl/dataconnect": could not find dataconnect.yaml in `/home/zenmi/Projects/manga-dl/dataconnect`
 {"metadata":{"emulator":{"name":"dataconnect"},"message":"E0531 09:16:31.802110    4133 watch.go:40] Failed to load config from \"/home/zenmi/Projects/manga-dl/dataconnect\": could not find dataconnect.yaml in `/home/zenmi/Projects/manga-dl/dataconnect`\n"}}
[debug] [2026-05-31T08:16:41.802Z] E0531 09:16:41.802048    4133 watch.go:40] Failed to load config from "/home/zenmi/Projects/manga-dl/dataconnect": could not find dataconnect.yaml in `/home/zenmi/Projects/manga-dl/dataconnect`
 {"metadata":{"emulator":{"name":"dataconnect"},"message":"E0531 09:16:41.802048    4133 watch.go:40] Failed to load config from \"/home/zenmi/Projects/manga-dl/dataconnect\": could not find dataconnect.yaml in `/home/zenmi/Projects/manga-dl/dataconnect`\n"}}
[debug] [2026-05-31T08:16:51.793Z] E0531 09:16:51.793480    4133 watch.go:116] watchAllDir unable to walk dir `/home/zenmi/Projects/manga-dl/dataconnect`: lstat /home/zenmi/Projects/manga-dl/dataconnect: no such file or directory
E0531 09:16:51.793508    4133 watch.go:40] Failed to load config from "/home/zenmi/Projects/manga-dl/dataconnect": could not find dataconnect.yaml in `/home/zenmi/Projects/manga-dl/dataconnect`
 {"metadata":{"emulator":{"name":"dataconnect"},"message":"E0531 09:16:51.793480    4133 watch.go:116] watchAllDir unable to walk dir `/home/zenmi/Projects/manga-dl/dataconnect`: lstat /home/zenmi/Projects/manga-dl/dataconnect: no such file or directory\nE0531 09:16:51.793508    4133 watch.go:40] Failed to load config from \"/home/zenmi/Projects/manga-dl/dataconnect\": could not find dataconnect.yaml in `/home/zenmi/Projects/manga-dl/dataconnect`\n"}}
[debug] [2026-05-31T08:17:01.797Z] E0531 09:17:01.797466    4133 watch.go:40] Failed to load config from "/home/zenmi/Projects/manga-dl/dataconnect": could not find dataconnect.yaml in `/home/zenmi/Projects/manga-dl/dataconnect`
 {"metadata":{"emulator":{"name":"dataconnect"},"message":"E0531 09:17:01.797466    4133 watch.go:40] Failed to load config from \"/home/zenmi/Projects/manga-dl/dataconnect\": could not find dataconnect.yaml in `/home/zenmi/Projects/manga-dl/dataconnect`\n"}}
[debug] [2026-05-31T08:17:11.803Z] E0531 09:17:11.802651    4133 watch.go:40] Failed to load config from "/home/zenmi/Projects/manga-dl/dataconnect": could not find dataconnect.yaml in `/home/zenmi/Projects/manga-dl/dataconnect`
 {"metadata":{"emulator":{"name":"dataconnect"},"message":"E0531 09:17:11.802651    4133 watch.go:40] Failed to load config from \"/home/zenmi/Projects/manga-dl/dataconnect\": could not find dataconnect.yaml in `/home/zenmi/Projects/manga-dl/dataconnect`\n"}}
[debug] [2026-05-31T08:17:21.793Z] E0531 09:17:21.793023    4133 watch.go:40] Failed to load config from "/home/zenmi/Projects/manga-dl/dataconnect": could not find dataconnect.yaml in `/home/zenmi/Projects/manga-dl/dataconnect`
 {"metadata":{"emulator":{"name":"dataconnect"},"message":"E0531 09:17:21.793023    4133 watch.go:40] Failed to load config from \"/home/zenmi/Projects/manga-dl/dataconnect\": could not find dataconnect.yaml in `/home/zenmi/Projects/manga-dl/dataconnect`\n"}}
[debug] [2026-05-31T08:17:31.793Z] E0531 09:17:31.792764    4133 watch.go:40] Failed to load config from "/home/zenmi/Projects/manga-dl/dataconnect": could not find dataconnect.yaml in `/home/zenmi/Projects/manga-dl/dataconnect`
 {"metadata":{"emulator":{"name":"dataconnect"},"message":"E0531 09:17:31.792764    4133 watch.go:40] Failed to load config from \"/home/zenmi/Projects/manga-dl/dataconnect\": could not find dataconnect.yaml in `/home/zenmi/Projects/manga-dl/dataconnect`\n"}}
[debug] [2026-05-31T08:17:41.793Z] E0531 09:17:41.792947    4133 watch.go:40] Failed to load config from "/home/zenmi/Projects/manga-dl/dataconnect": could not find dataconnect.yaml in `/home/zenmi/Projects/manga-dl/dataconnect`
 {"metadata":{"emulator":{"name":"dataconnect"},"message":"E0531 09:17:41.792947    4133 watch.go:40] Failed to load config from \"/home/zenmi/Projects/manga-dl/dataconnect\": could not find dataconnect.yaml in `/home/zenmi/Projects/manga-dl/dataconnect`\n"}}
[debug] [2026-05-31T08:17:51.799Z] E0531 09:17:51.793126    4133 watch.go:116] watchAllDir unable to walk dir `/home/zenmi/Projects/manga-dl/dataconnect`: lstat /home/zenmi/Projects/manga-dl/dataconnect: no such file or directory
E0531 09:17:51.793297    4133 watch.go:40] Failed to load config from "/home/zenmi/Projects/manga-dl/dataconnect": could not find dataconnect.yaml in `/home/zenmi/Projects/manga-dl/dataconnect`
 {"metadata":{"emulator":{"name":"dataconnect"},"message":"E0531 09:17:51.793126    4133 watch.go:116] watchAllDir unable to walk dir `/home/zenmi/Projects/manga-dl/dataconnect`: lstat /home/zenmi/Projects/manga-dl/dataconnect: no such file or directory\nE0531 09:17:51.793297    4133 watch.go:40] Failed to load config from \"/home/zenmi/Projects/manga-dl/dataconnect\": could not find dataconnect.yaml in `/home/zenmi/Projects/manga-dl/dataconnect`\n"}}
[debug] [2026-05-31T08:18:01.801Z] E0531 09:18:01.801545    4133 watch.go:40] Failed to load config from "/home/zenmi/Projects/manga-dl/dataconnect": could not find dataconnect.yaml in `/home/zenmi/Projects/manga-dl/dataconnect`
 {"metadata":{"emulator":{"name":"dataconnect"},"message":"E0531 09:18:01.801545    4133 watch.go:40] Failed to load config from \"/home/zenmi/Projects/manga-dl/dataconnect\": could not find dataconnect.yaml in `/home/zenmi/Projects/manga-dl/dataconnect`\n"}}
[debug] [2026-05-31T08:18:11.802Z] E0531 09:18:11.802658    4133 watch.go:40] Failed to load config from "/home/zenmi/Projects/manga-dl/dataconnect": could not find dataconnect.yaml in `/home/zenmi/Projects/manga-dl/dataconnect`
 {"metadata":{"emulator":{"name":"dataconnect"},"message":"E0531 09:18:11.802658    4133 watch.go:40] Failed to load config from \"/home/zenmi/Projects/manga-dl/dataconnect\": could not find dataconnect.yaml in `/home/zenmi/Projects/manga-dl/dataconnect`\n"}}
[debug] [2026-05-31T08:18:21.793Z] E0531 09:18:21.793006    4133 watch.go:40] Failed to load config from "/home/zenmi/Projects/manga-dl/dataconnect": could not find dataconnect.yaml in `/home/zenmi/Projects/manga-dl/dataconnect`
 {"metadata":{"emulator":{"name":"dataconnect"},"message":"E0531 09:18:21.793006    4133 watch.go:40] Failed to load config from \"/home/zenmi/Projects/manga-dl/dataconnect\": could not find dataconnect.yaml in `/home/zenmi/Projects/manga-dl/dataconnect`\n"}}
[debug] [2026-05-31T08:18:31.798Z] E0531 09:18:31.797615    4133 watch.go:40] Failed to load config from "/home/zenmi/Projects/manga-dl/dataconnect": could not find dataconnect.yaml in `/home/zenmi/Projects/manga-dl/dataconnect`
 {"metadata":{"emulator":{"name":"dataconnect"},"message":"E0531 09:18:31.797615    4133 watch.go:40] Failed to load config from \"/home/zenmi/Projects/manga-dl/dataconnect\": could not find dataconnect.yaml in `/home/zenmi/Projects/manga-dl/dataconnect`\n"}}
[debug] [2026-05-31T08:18:41.803Z] E0531 09:18:41.802569    4133 watch.go:40] Failed to load config from "/home/zenmi/Projects/manga-dl/dataconnect": could not find dataconnect.yaml in `/home/zenmi/Projects/manga-dl/dataconnect`
 {"metadata":{"emulator":{"name":"dataconnect"},"message":"E0531 09:18:41.802569    4133 watch.go:40] Failed to load config from \"/home/zenmi/Projects/manga-dl/dataconnect\": could not find dataconnect.yaml in `/home/zenmi/Projects/manga-dl/dataconnect`\n"}}
[debug] [2026-05-31T08:18:51.793Z] E0531 09:18:51.793047    4133 watch.go:116] watchAllDir unable to walk dir `/home/zenmi/Projects/manga-dl/dataconnect`: lstat /home/zenmi/Projects/manga-dl/dataconnect: no such file or directory
E0531 09:18:51.793268    4133 watch.go:40] Failed to load config from "/home/zenmi/Projects/manga-dl/dataconnect": could not find dataconnect.yaml in `/home/zenmi/Projects/manga-dl/dataconnect`
 {"metadata":{"emulator":{"name":"dataconnect"},"message":"E0531 09:18:51.793047    4133 watch.go:116] watchAllDir unable to walk dir `/home/zenmi/Projects/manga-dl/dataconnect`: lstat /home/zenmi/Projects/manga-dl/dataconnect: no such file or directory\nE0531 09:18:51.793268    4133 watch.go:40] Failed to load config from \"/home/zenmi/Projects/manga-dl/dataconnect\": could not find dataconnect.yaml in `/home/zenmi/Projects/manga-dl/dataconnect`\n"}}
[debug] [2026-05-31T08:19:01.802Z] E0531 09:19:01.802384    4133 watch.go:40] Failed to load config from "/home/zenmi/Projects/manga-dl/dataconnect": could not find dataconnect.yaml in `/home/zenmi/Projects/manga-dl/dataconnect`
 {"metadata":{"emulator":{"name":"dataconnect"},"message":"E0531 09:19:01.802384    4133 watch.go:40] Failed to load config from \"/home/zenmi/Projects/manga-dl/dataconnect\": could not find dataconnect.yaml in `/home/zenmi/Projects/manga-dl/dataconnect`\n"}}
[debug] [2026-05-31T08:19:11.803Z] E0531 09:19:11.802604    4133 watch.go:40] Failed to load config from "/home/zenmi/Projects/manga-dl/dataconnect": could not find dataconnect.yaml in `/home/zenmi/Projects/manga-dl/dataconnect`
 {"metadata":{"emulator":{"name":"dataconnect"},"message":"E0531 09:19:11.802604    4133 watch.go:40] Failed to load config from \"/home/zenmi/Projects/manga-dl/dataconnect\": could not find dataconnect.yaml in `/home/zenmi/Projects/manga-dl/dataconnect`\n"}}
[debug] [2026-05-31T08:19:21.793Z] E0531 09:19:21.793308    4133 watch.go:40] Failed to load config from "/home/zenmi/Projects/manga-dl/dataconnect": could not find dataconnect.yaml in `/home/zenmi/Projects/manga-dl/dataconnect`
 {"metadata":{"emulator":{"name":"dataconnect"},"message":"E0531 09:19:21.793308    4133 watch.go:40] Failed to load config from \"/home/zenmi/Projects/manga-dl/dataconnect\": could not find dataconnect.yaml in `/home/zenmi/Projects/manga-dl/dataconnect`\n"}}
[debug] [2026-05-31T08:19:31.803Z] E0531 09:19:31.802530    4133 watch.go:40] Failed to load config from "/home/zenmi/Projects/manga-dl/dataconnect": could not find dataconnect.yaml in `/home/zenmi/Projects/manga-dl/dataconnect`
 {"metadata":{"emulator":{"name":"dataconnect"},"message":"E0531 09:19:31.802530    4133 watch.go:40] Failed to load config from \"/home/zenmi/Projects/manga-dl/dataconnect\": could not find dataconnect.yaml in `/home/zenmi/Projects/manga-dl/dataconnect`\n"}}
[debug] [2026-05-31T08:19:41.800Z] E0531 09:19:41.799546    4133 watch.go:40] Failed to load config from "/home/zenmi/Projects/manga-dl/dataconnect": could not find dataconnect.yaml in `/home/zenmi/Projects/manga-dl/dataconnect`
 {"metadata":{"emulator":{"name":"dataconnect"},"message":"E0531 09:19:41.799546    4133 watch.go:40] Failed to load config from \"/home/zenmi/Projects/manga-dl/dataconnect\": could not find dataconnect.yaml in `/home/zenmi/Projects/manga-dl/dataconnect`\n"}}
[debug] [2026-05-31T08:19:51.793Z] E0531 09:19:51.792811    4133 watch.go:116] watchAllDir unable to walk dir `/home/zenmi/Projects/manga-dl/dataconnect`: lstat /home/zenmi/Projects/manga-dl/dataconnect: no such file or directory
E0531 09:19:51.792927    4133 watch.go:40] Failed to load config from "/home/zenmi/Projects/manga-dl/dataconnect": could not find dataconnect.yaml in `/home/zenmi/Projects/manga-dl/dataconnect`
 {"metadata":{"emulator":{"name":"dataconnect"},"message":"E0531 09:19:51.792811    4133 watch.go:116] watchAllDir unable to walk dir `/home/zenmi/Projects/manga-dl/dataconnect`: lstat /home/zenmi/Projects/manga-dl/dataconnect: no such file or directory\nE0531 09:19:51.792927    4133 watch.go:40] Failed to load config from \"/home/zenmi/Projects/manga-dl/dataconnect\": could not find dataconnect.yaml in `/home/zenmi/Projects/manga-dl/dataconnect`\n"}}
[debug] [2026-05-31T08:20:01.802Z] E0531 09:20:01.802228    4133 watch.go:40] Failed to load config from "/home/zenmi/Projects/manga-dl/dataconnect": could not find dataconnect.yaml in `/home/zenmi/Projects/manga-dl/dataconnect`
 {"metadata":{"emulator":{"name":"dataconnect"},"message":"E0531 09:20:01.802228    4133 watch.go:40] Failed to load config from \"/home/zenmi/Projects/manga-dl/dataconnect\": could not find dataconnect.yaml in `/home/zenmi/Projects/manga-dl/dataconnect`\n"}}
[debug] [2026-05-31T08:20:11.793Z] E0531 09:20:11.793217    4133 watch.go:40] Failed to load config from "/home/zenmi/Projects/manga-dl/dataconnect": could not find dataconnect.yaml in `/home/zenmi/Projects/manga-dl/dataconnect`
 {"metadata":{"emulator":{"name":"dataconnect"},"message":"E0531 09:20:11.793217    4133 watch.go:40] Failed to load config from \"/home/zenmi/Projects/manga-dl/dataconnect\": could not find dataconnect.yaml in `/home/zenmi/Projects/manga-dl/dataconnect`\n"}}
[debug] [2026-05-31T08:20:21.793Z] E0531 09:20:21.792758    4133 watch.go:40] Failed to load config from "/home/zenmi/Projects/manga-dl/dataconnect": could not find dataconnect.yaml in `/home/zenmi/Projects/manga-dl/dataconnect`
 {"metadata":{"emulator":{"name":"dataconnect"},"message":"E0531 09:20:21.792758    4133 watch.go:40] Failed to load config from \"/home/zenmi/Projects/manga-dl/dataconnect\": could not find dataconnect.yaml in `/home/zenmi/Projects/manga-dl/dataconnect`\n"}}
[debug] [2026-05-31T08:20:31.802Z] E0531 09:20:31.801849    4133 watch.go:40] Failed to load config from "/home/zenmi/Projects/manga-dl/dataconnect": could not find dataconnect.yaml in `/home/zenmi/Projects/manga-dl/dataconnect`
 {"metadata":{"emulator":{"name":"dataconnect"},"message":"E0531 09:20:31.801849    4133 watch.go:40] Failed to load config from \"/home/zenmi/Projects/manga-dl/dataconnect\": could not find dataconnect.yaml in `/home/zenmi/Projects/manga-dl/dataconnect`\n"}}
[debug] [2026-05-31T08:20:41.802Z] E0531 09:20:41.802003    4133 watch.go:40] Failed to load config from "/home/zenmi/Projects/manga-dl/dataconnect": could not find dataconnect.yaml in `/home/zenmi/Projects/manga-dl/dataconnect`
 {"metadata":{"emulator":{"name":"dataconnect"},"message":"E0531 09:20:41.802003    4133 watch.go:40] Failed to load config from \"/home/zenmi/Projects/manga-dl/dataconnect\": could not find dataconnect.yaml in `/home/zenmi/Projects/manga-dl/dataconnect`\n"}}
[debug] [2026-05-31T08:20:51.793Z] E0531 09:20:51.793196    4133 watch.go:116] watchAllDir unable to walk dir `/home/zenmi/Projects/manga-dl/dataconnect`: lstat /home/zenmi/Projects/manga-dl/dataconnect: no such file or directory
E0531 09:20:51.793274    4133 watch.go:40] Failed to load config from "/home/zenmi/Projects/manga-dl/dataconnect": could not find dataconnect.yaml in `/home/zenmi/Projects/manga-dl/dataconnect`
 {"metadata":{"emulator":{"name":"dataconnect"},"message":"E0531 09:20:51.793196    4133 watch.go:116] watchAllDir unable to walk dir `/home/zenmi/Projects/manga-dl/dataconnect`: lstat /home/zenmi/Projects/manga-dl/dataconnect: no such file or directory\nE0531 09:20:51.793274    4133 watch.go:40] Failed to load config from \"/home/zenmi/Projects/manga-dl/dataconnect\": could not find dataconnect.yaml in `/home/zenmi/Projects/manga-dl/dataconnect`\n"}}
[debug] [2026-05-31T08:21:01.801Z] E0531 09:21:01.800542    4133 watch.go:40] Failed to load config from "/home/zenmi/Projects/manga-dl/dataconnect": could not find dataconnect.yaml in `/home/zenmi/Projects/manga-dl/dataconnect`
 {"metadata":{"emulator":{"name":"dataconnect"},"message":"E0531 09:21:01.800542    4133 watch.go:40] Failed to load config from \"/home/zenmi/Projects/manga-dl/dataconnect\": could not find dataconnect.yaml in `/home/zenmi/Projects/manga-dl/dataconnect`\n"}}
[debug] [2026-05-31T08:21:11.803Z] E0531 09:21:11.802745    4133 watch.go:40] Failed to load config from "/home/zenmi/Projects/manga-dl/dataconnect": could not find dataconnect.yaml in `/home/zenmi/Projects/manga-dl/dataconnect`
 {"metadata":{"emulator":{"name":"dataconnect"},"message":"E0531 09:21:11.802745    4133 watch.go:40] Failed to load config from \"/home/zenmi/Projects/manga-dl/dataconnect\": could not find dataconnect.yaml in `/home/zenmi/Projects/manga-dl/dataconnect`\n"}}
[debug] [2026-05-31T08:21:21.793Z] E0531 09:21:21.792916    4133 watch.go:40] Failed to load config from "/home/zenmi/Projects/manga-dl/dataconnect": could not find dataconnect.yaml in `/home/zenmi/Projects/manga-dl/dataconnect`
 {"metadata":{"emulator":{"name":"dataconnect"},"message":"E0531 09:21:21.792916    4133 watch.go:40] Failed to load config from \"/home/zenmi/Projects/manga-dl/dataconnect\": could not find dataconnect.yaml in `/home/zenmi/Projects/manga-dl/dataconnect`\n"}}
[debug] [2026-05-31T08:21:31.802Z] E0531 09:21:31.802109    4133 watch.go:40] Failed to load config from "/home/zenmi/Projects/manga-dl/dataconnect": could not find dataconnect.yaml in `/home/zenmi/Projects/manga-dl/dataconnect`
 {"metadata":{"emulator":{"name":"dataconnect"},"message":"E0531 09:21:31.802109    4133 watch.go:40] Failed to load config from \"/home/zenmi/Projects/manga-dl/dataconnect\": could not find dataconnect.yaml in `/home/zenmi/Projects/manga-dl/dataconnect`\n"}}
[debug] [2026-05-31T08:21:41.802Z] E0531 09:21:41.802308    4133 watch.go:40] Failed to load config from "/home/zenmi/Projects/manga-dl/dataconnect": could not find dataconnect.yaml in `/home/zenmi/Projects/manga-dl/dataconnect`
 {"metadata":{"emulator":{"name":"dataconnect"},"message":"E0531 09:21:41.802308    4133 watch.go:40] Failed to load config from \"/home/zenmi/Projects/manga-dl/dataconnect\": could not find dataconnect.yaml in `/home/zenmi/Projects/manga-dl/dataconnect`\n"}}
[debug] [2026-05-31T08:21:51.793Z] E0531 09:21:51.792887    4133 watch.go:116] watchAllDir unable to walk dir `/home/zenmi/Projects/manga-dl/dataconnect`: lstat /home/zenmi/Projects/manga-dl/dataconnect: no such file or directory
E0531 09:21:51.792906    4133 watch.go:40] Failed to load config from "/home/zenmi/Projects/manga-dl/dataconnect": could not find dataconnect.yaml in `/home/zenmi/Projects/manga-dl/dataconnect`
 {"metadata":{"emulator":{"name":"dataconnect"},"message":"E0531 09:21:51.792887    4133 watch.go:116] watchAllDir unable to walk dir `/home/zenmi/Projects/manga-dl/dataconnect`: lstat /home/zenmi/Projects/manga-dl/dataconnect: no such file or directory\nE0531 09:21:51.792906    4133 watch.go:40] Failed to load config from \"/home/zenmi/Projects/manga-dl/dataconnect\": could not find dataconnect.yaml in `/home/zenmi/Projects/manga-dl/dataconnect`\n"}}
[debug] [2026-05-31T08:22:01.793Z] E0531 09:22:01.792969    4133 watch.go:40] Failed to load config from "/home/zenmi/Projects/manga-dl/dataconnect": could not find dataconnect.yaml in `/home/zenmi/Projects/manga-dl/dataconnect`
 {"metadata":{"emulator":{"name":"dataconnect"},"message":"E0531 09:22:01.792969    4133 watch.go:40] Failed to load config from \"/home/zenmi/Projects/manga-dl/dataconnect\": could not find dataconnect.yaml in `/home/zenmi/Projects/manga-dl/dataconnect`\n"}}
[debug] [2026-05-31T08:22:12.420Z] E0531 09:22:11.802872    4133 watch.go:40] Failed to load config from "/home/zenmi/Projects/manga-dl/dataconnect": could not find dataconnect.yaml in `/home/zenmi/Projects/manga-dl/dataconnect`
 {"metadata":{"emulator":{"name":"dataconnect"},"message":"E0531 09:22:11.802872    4133 watch.go:40] Failed to load config from \"/home/zenmi/Projects/manga-dl/dataconnect\": could not find dataconnect.yaml in `/home/zenmi/Projects/manga-dl/dataconnect`\n"}}
[debug] [2026-05-31T08:22:21.794Z] E0531 09:22:21.793704    4133 watch.go:40] Failed to load config from "/home/zenmi/Projects/manga-dl/dataconnect": could not find dataconnect.yaml in `/home/zenmi/Projects/manga-dl/dataconnect`
 {"metadata":{"emulator":{"name":"dataconnect"},"message":"E0531 09:22:21.793704    4133 watch.go:40] Failed to load config from \"/home/zenmi/Projects/manga-dl/dataconnect\": could not find dataconnect.yaml in `/home/zenmi/Projects/manga-dl/dataconnect`\n"}}
[debug] [2026-05-31T08:22:31.802Z] E0531 09:22:31.802044    4133 watch.go:40] Failed to load config from "/home/zenmi/Projects/manga-dl/dataconnect": could not find dataconnect.yaml in `/home/zenmi/Projects/manga-dl/dataconnect`
 {"metadata":{"emulator":{"name":"dataconnect"},"message":"E0531 09:22:31.802044    4133 watch.go:40] Failed to load config from \"/home/zenmi/Projects/manga-dl/dataconnect\": could not find dataconnect.yaml in `/home/zenmi/Projects/manga-dl/dataconnect`\n"}}
[debug] [2026-05-31T08:22:41.802Z] E0531 09:22:41.801956    4133 watch.go:40] Failed to load config from "/home/zenmi/Projects/manga-dl/dataconnect": could not find dataconnect.yaml in `/home/zenmi/Projects/manga-dl/dataconnect`
 {"metadata":{"emulator":{"name":"dataconnect"},"message":"E0531 09:22:41.801956    4133 watch.go:40] Failed to load config from \"/home/zenmi/Projects/manga-dl/dataconnect\": could not find dataconnect.yaml in `/home/zenmi/Projects/manga-dl/dataconnect`\n"}}
[debug] [2026-05-31T08:22:51.793Z] E0531 09:22:51.793192    4133 watch.go:116] watchAllDir unable to walk dir `/home/zenmi/Projects/manga-dl/dataconnect`: lstat /home/zenmi/Projects/manga-dl/dataconnect: no such file or directory
E0531 09:22:51.793357    4133 watch.go:40] Failed to load config from "/home/zenmi/Projects/manga-dl/dataconnect": could not find dataconnect.yaml in `/home/zenmi/Projects/manga-dl/dataconnect`
 {"metadata":{"emulator":{"name":"dataconnect"},"message":"E0531 09:22:51.793192    4133 watch.go:116] watchAllDir unable to walk dir `/home/zenmi/Projects/manga-dl/dataconnect`: lstat /home/zenmi/Projects/manga-dl/dataconnect: no such file or directory\nE0531 09:22:51.793357    4133 watch.go:40] Failed to load config from \"/home/zenmi/Projects/manga-dl/dataconnect\": could not find dataconnect.yaml in `/home/zenmi/Projects/manga-dl/dataconnect`\n"}}
[debug] [2026-05-31T08:23:01.802Z] E0531 09:23:01.802060    4133 watch.go:40] Failed to load config from "/home/zenmi/Projects/manga-dl/dataconnect": could not find dataconnect.yaml in `/home/zenmi/Projects/manga-dl/dataconnect`
 {"metadata":{"emulator":{"name":"dataconnect"},"message":"E0531 09:23:01.802060    4133 watch.go:40] Failed to load config from \"/home/zenmi/Projects/manga-dl/dataconnect\": could not find dataconnect.yaml in `/home/zenmi/Projects/manga-dl/dataconnect`\n"}}
[debug] [2026-05-31T08:23:11.793Z] E0531 09:23:11.793013    4133 watch.go:40] Failed to load config from "/home/zenmi/Projects/manga-dl/dataconnect": could not find dataconnect.yaml in `/home/zenmi/Projects/manga-dl/dataconnect`
 {"metadata":{"emulator":{"name":"dataconnect"},"message":"E0531 09:23:11.793013    4133 watch.go:40] Failed to load config from \"/home/zenmi/Projects/manga-dl/dataconnect\": could not find dataconnect.yaml in `/home/zenmi/Projects/manga-dl/dataconnect`\n"}}
[debug] [2026-05-31T08:23:21.793Z] E0531 09:23:21.793452    4133 watch.go:40] Failed to load config from "/home/zenmi/Projects/manga-dl/dataconnect": could not find dataconnect.yaml in `/home/zenmi/Projects/manga-dl/dataconnect`
 {"metadata":{"emulator":{"name":"dataconnect"},"message":"E0531 09:23:21.793452    4133 watch.go:40] Failed to load config from \"/home/zenmi/Projects/manga-dl/dataconnect\": could not find dataconnect.yaml in `/home/zenmi/Projects/manga-dl/dataconnect`\n"}}
[debug] [2026-05-31T08:23:31.802Z] E0531 09:23:31.801864    4133 watch.go:40] Failed to load config from "/home/zenmi/Projects/manga-dl/dataconnect": could not find dataconnect.yaml in `/home/zenmi/Projects/manga-dl/dataconnect`
 {"metadata":{"emulator":{"name":"dataconnect"},"message":"E0531 09:23:31.801864    4133 watch.go:40] Failed to load config from \"/home/zenmi/Projects/manga-dl/dataconnect\": could not find dataconnect.yaml in `/home/zenmi/Projects/manga-dl/dataconnect`\n"}}
[debug] [2026-05-31T08:23:41.802Z] E0531 09:23:41.802056    4133 watch.go:40] Failed to load config from "/home/zenmi/Projects/manga-dl/dataconnect": could not find dataconnect.yaml in `/home/zenmi/Projects/manga-dl/dataconnect`
 {"metadata":{"emulator":{"name":"dataconnect"},"message":"E0531 09:23:41.802056    4133 watch.go:40] Failed to load config from \"/home/zenmi/Projects/manga-dl/dataconnect\": could not find dataconnect.yaml in `/home/zenmi/Projects/manga-dl/dataconnect`\n"}}
[debug] [2026-05-31T08:23:51.793Z] E0531 09:23:51.793607    4133 watch.go:116] watchAllDir unable to walk dir `/home/zenmi/Projects/manga-dl/dataconnect`: lstat /home/zenmi/Projects/manga-dl/dataconnect: no such file or directory
E0531 09:23:51.793721    4133 watch.go:40] Failed to load config from "/home/zenmi/Projects/manga-dl/dataconnect": could not find dataconnect.yaml in `/home/zenmi/Projects/manga-dl/dataconnect`
 {"metadata":{"emulator":{"name":"dataconnect"},"message":"E0531 09:23:51.793607    4133 watch.go:116] watchAllDir unable to walk dir `/home/zenmi/Projects/manga-dl/dataconnect`: lstat /home/zenmi/Projects/manga-dl/dataconnect: no such file or directory\nE0531 09:23:51.793721    4133 watch.go:40] Failed to load config from \"/home/zenmi/Projects/manga-dl/dataconnect\": could not find dataconnect.yaml in `/home/zenmi/Projects/manga-dl/dataconnect`\n"}}
[debug] [2026-05-31T08:24:01.793Z] E0531 09:24:01.793419    4133 watch.go:40] Failed to load config from "/home/zenmi/Projects/manga-dl/dataconnect": could not find dataconnect.yaml in `/home/zenmi/Projects/manga-dl/dataconnect`
 {"metadata":{"emulator":{"name":"dataconnect"},"message":"E0531 09:24:01.793419    4133 watch.go:40] Failed to load config from \"/home/zenmi/Projects/manga-dl/dataconnect\": could not find dataconnect.yaml in `/home/zenmi/Projects/manga-dl/dataconnect`\n"}}
[debug] [2026-05-31T08:24:11.793Z] E0531 09:24:11.792900    4133 watch.go:40] Failed to load config from "/home/zenmi/Projects/manga-dl/dataconnect": could not find dataconnect.yaml in `/home/zenmi/Projects/manga-dl/dataconnect`
 {"metadata":{"emulator":{"name":"dataconnect"},"message":"E0531 09:24:11.792900    4133 watch.go:40] Failed to load config from \"/home/zenmi/Projects/manga-dl/dataconnect\": could not find dataconnect.yaml in `/home/zenmi/Projects/manga-dl/dataconnect`\n"}}
[debug] [2026-05-31T08:24:21.793Z] E0531 09:24:21.793040    4133 watch.go:40] Failed to load config from "/home/zenmi/Projects/manga-dl/dataconnect": could not find dataconnect.yaml in `/home/zenmi/Projects/manga-dl/dataconnect`
 {"metadata":{"emulator":{"name":"dataconnect"},"message":"E0531 09:24:21.793040    4133 watch.go:40] Failed to load config from \"/home/zenmi/Projects/manga-dl/dataconnect\": could not find dataconnect.yaml in `/home/zenmi/Projects/manga-dl/dataconnect`\n"}}
[debug] [2026-05-31T08:24:31.802Z] E0531 09:24:31.802129    4133 watch.go:40] Failed to load config from "/home/zenmi/Projects/manga-dl/dataconnect": could not find dataconnect.yaml in `/home/zenmi/Projects/manga-dl/dataconnect`
 {"metadata":{"emulator":{"name":"dataconnect"},"message":"E0531 09:24:31.802129    4133 watch.go:40] Failed to load config from \"/home/zenmi/Projects/manga-dl/dataconnect\": could not find dataconnect.yaml in `/home/zenmi/Projects/manga-dl/dataconnect`\n"}}
[debug] [2026-05-31T08:24:41.792Z] E0531 09:24:41.792721    4133 watch.go:40] Failed to load config from "/home/zenmi/Projects/manga-dl/dataconnect": could not find dataconnect.yaml in `/home/zenmi/Projects/manga-dl/dataconnect`
 {"metadata":{"emulator":{"name":"dataconnect"},"message":"E0531 09:24:41.792721    4133 watch.go:40] Failed to load config from \"/home/zenmi/Projects/manga-dl/dataconnect\": could not find dataconnect.yaml in `/home/zenmi/Projects/manga-dl/dataconnect`\n"}}
[debug] [2026-05-31T08:24:51.793Z] E0531 09:24:51.793053    4133 watch.go:116] watchAllDir unable to walk dir `/home/zenmi/Projects/manga-dl/dataconnect`: lstat /home/zenmi/Projects/manga-dl/dataconnect: no such file or directory
E0531 09:24:51.793124    4133 watch.go:40] Failed to load config from "/home/zenmi/Projects/manga-dl/dataconnect": could not find dataconnect.yaml in `/home/zenmi/Projects/manga-dl/dataconnect`
 {"metadata":{"emulator":{"name":"dataconnect"},"message":"E0531 09:24:51.793053    4133 watch.go:116] watchAllDir unable to walk dir `/home/zenmi/Projects/manga-dl/dataconnect`: lstat /home/zenmi/Projects/manga-dl/dataconnect: no such file or directory\nE0531 09:24:51.793124    4133 watch.go:40] Failed to load config from \"/home/zenmi/Projects/manga-dl/dataconnect\": could not find dataconnect.yaml in `/home/zenmi/Projects/manga-dl/dataconnect`\n"}}
[debug] [2026-05-31T08:25:01.802Z] E0531 09:25:01.802172    4133 watch.go:40] Failed to load config from "/home/zenmi/Projects/manga-dl/dataconnect": could not find dataconnect.yaml in `/home/zenmi/Projects/manga-dl/dataconnect`
 {"metadata":{"emulator":{"name":"dataconnect"},"message":"E0531 09:25:01.802172    4133 watch.go:40] Failed to load config from \"/home/zenmi/Projects/manga-dl/dataconnect\": could not find dataconnect.yaml in `/home/zenmi/Projects/manga-dl/dataconnect`\n"}}
[debug] [2026-05-31T08:25:11.793Z] E0531 09:25:11.792831    4133 watch.go:40] Failed to load config from "/home/zenmi/Projects/manga-dl/dataconnect": could not find dataconnect.yaml in `/home/zenmi/Projects/manga-dl/dataconnect`
 {"metadata":{"emulator":{"name":"dataconnect"},"message":"E0531 09:25:11.792831    4133 watch.go:40] Failed to load config from \"/home/zenmi/Projects/manga-dl/dataconnect\": could not find dataconnect.yaml in `/home/zenmi/Projects/manga-dl/dataconnect`\n"}}
[debug] [2026-05-31T08:25:21.793Z] E0531 09:25:21.793412    4133 watch.go:40] Failed to load config from "/home/zenmi/Projects/manga-dl/dataconnect": could not find dataconnect.yaml in `/home/zenmi/Projects/manga-dl/dataconnect`
 {"metadata":{"emulator":{"name":"dataconnect"},"message":"E0531 09:25:21.793412    4133 watch.go:40] Failed to load config from \"/home/zenmi/Projects/manga-dl/dataconnect\": could not find dataconnect.yaml in `/home/zenmi/Projects/manga-dl/dataconnect`\n"}}
[debug] [2026-05-31T08:25:31.801Z] E0531 09:25:31.801475    4133 watch.go:40] Failed to load config from "/home/zenmi/Projects/manga-dl/dataconnect": could not find dataconnect.yaml in `/home/zenmi/Projects/manga-dl/dataconnect`
 {"metadata":{"emulator":{"name":"dataconnect"},"message":"E0531 09:25:31.801475    4133 watch.go:40] Failed to load config from \"/home/zenmi/Projects/manga-dl/dataconnect\": could not find dataconnect.yaml in `/home/zenmi/Projects/manga-dl/dataconnect`\n"}}
[debug] [2026-05-31T08:25:41.795Z] E0531 09:25:41.795299    4133 watch.go:40] Failed to load config from "/home/zenmi/Projects/manga-dl/dataconnect": could not find dataconnect.yaml in `/home/zenmi/Projects/manga-dl/dataconnect`
 {"metadata":{"emulator":{"name":"dataconnect"},"message":"E0531 09:25:41.795299    4133 watch.go:40] Failed to load config from \"/home/zenmi/Projects/manga-dl/dataconnect\": could not find dataconnect.yaml in `/home/zenmi/Projects/manga-dl/dataconnect`\n"}}
[debug] [2026-05-31T08:25:51.793Z] E0531 09:25:51.792752    4133 watch.go:116] watchAllDir unable to walk dir `/home/zenmi/Projects/manga-dl/dataconnect`: lstat /home/zenmi/Projects/manga-dl/dataconnect: no such file or directory
E0531 09:25:51.792893    4133 watch.go:40] Failed to load config from "/home/zenmi/Projects/manga-dl/dataconnect": could not find dataconnect.yaml in `/home/zenmi/Projects/manga-dl/dataconnect`
 {"metadata":{"emulator":{"name":"dataconnect"},"message":"E0531 09:25:51.792752    4133 watch.go:116] watchAllDir unable to walk dir `/home/zenmi/Projects/manga-dl/dataconnect`: lstat /home/zenmi/Projects/manga-dl/dataconnect: no such file or directory\nE0531 09:25:51.792893    4133 watch.go:40] Failed to load config from \"/home/zenmi/Projects/manga-dl/dataconnect\": could not find dataconnect.yaml in `/home/zenmi/Projects/manga-dl/dataconnect`\n"}}
[debug] [2026-05-31T08:26:01.802Z] E0531 09:26:01.802041    4133 watch.go:40] Failed to load config from "/home/zenmi/Projects/manga-dl/dataconnect": could not find dataconnect.yaml in `/home/zenmi/Projects/manga-dl/dataconnect`
 {"metadata":{"emulator":{"name":"dataconnect"},"message":"E0531 09:26:01.802041    4133 watch.go:40] Failed to load config from \"/home/zenmi/Projects/manga-dl/dataconnect\": could not find dataconnect.yaml in `/home/zenmi/Projects/manga-dl/dataconnect`\n"}}
[debug] [2026-05-31T08:26:11.794Z] E0531 09:26:11.793742    4133 watch.go:40] Failed to load config from "/home/zenmi/Projects/manga-dl/dataconnect": could not find dataconnect.yaml in `/home/zenmi/Projects/manga-dl/dataconnect`
 {"metadata":{"emulator":{"name":"dataconnect"},"message":"E0531 09:26:11.793742    4133 watch.go:40] Failed to load config from \"/home/zenmi/Projects/manga-dl/dataconnect\": could not find dataconnect.yaml in `/home/zenmi/Projects/manga-dl/dataconnect`\n"}}
[debug] [2026-05-31T08:26:21.793Z] E0531 09:26:21.793338    4133 watch.go:40] Failed to load config from "/home/zenmi/Projects/manga-dl/dataconnect": could not find dataconnect.yaml in `/home/zenmi/Projects/manga-dl/dataconnect`
 {"metadata":{"emulator":{"name":"dataconnect"},"message":"E0531 09:26:21.793338    4133 watch.go:40] Failed to load config from \"/home/zenmi/Projects/manga-dl/dataconnect\": could not find dataconnect.yaml in `/home/zenmi/Projects/manga-dl/dataconnect`\n"}}
[debug] [2026-05-31T08:26:31.803Z] E0531 09:26:31.802589    4133 watch.go:40] Failed to load config from "/home/zenmi/Projects/manga-dl/dataconnect": could not find dataconnect.yaml in `/home/zenmi/Projects/manga-dl/dataconnect`
 {"metadata":{"emulator":{"name":"dataconnect"},"message":"E0531 09:26:31.802589    4133 watch.go:40] Failed to load config from \"/home/zenmi/Projects/manga-dl/dataconnect\": could not find dataconnect.yaml in `/home/zenmi/Projects/manga-dl/dataconnect`\n"}}
[debug] [2026-05-31T08:26:41.802Z] E0531 09:26:41.801864    4133 watch.go:40] Failed to load config from "/home/zenmi/Projects/manga-dl/dataconnect": could not find dataconnect.yaml in `/home/zenmi/Projects/manga-dl/dataconnect`
 {"metadata":{"emulator":{"name":"dataconnect"},"message":"E0531 09:26:41.801864    4133 watch.go:40] Failed to load config from \"/home/zenmi/Projects/manga-dl/dataconnect\": could not find dataconnect.yaml in `/home/zenmi/Projects/manga-dl/dataconnect`\n"}}
[debug] [2026-05-31T08:26:51.794Z] E0531 09:26:51.793365    4133 watch.go:40] Failed to load config from "/home/zenmi/Projects/manga-dl/dataconnect": could not find dataconnect.yaml in `/home/zenmi/Projects/manga-dl/dataconnect`
E0531 09:26:51.793269    4133 watch.go:116] watchAllDir unable to walk dir `/home/zenmi/Projects/manga-dl/dataconnect`: lstat /home/zenmi/Projects/manga-dl/dataconnect: no such file or directory
 {"metadata":{"emulator":{"name":"dataconnect"},"message":"E0531 09:26:51.793365    4133 watch.go:40] Failed to load config from \"/home/zenmi/Projects/manga-dl/dataconnect\": could not find dataconnect.yaml in `/home/zenmi/Projects/manga-dl/dataconnect`\nE0531 09:26:51.793269    4133 watch.go:116] watchAllDir unable to walk dir `/home/zenmi/Projects/manga-dl/dataconnect`: lstat /home/zenmi/Projects/manga-dl/dataconnect: no such file or directory\n"}}
[debug] [2026-05-31T08:27:01.802Z] E0531 09:27:01.802010    4133 watch.go:40] Failed to load config from "/home/zenmi/Projects/manga-dl/dataconnect": could not find dataconnect.yaml in `/home/zenmi/Projects/manga-dl/dataconnect`
 {"metadata":{"emulator":{"name":"dataconnect"},"message":"E0531 09:27:01.802010    4133 watch.go:40] Failed to load config from \"/home/zenmi/Projects/manga-dl/dataconnect\": could not find dataconnect.yaml in `/home/zenmi/Projects/manga-dl/dataconnect`\n"}}
[debug] [2026-05-31T08:27:11.804Z] E0531 09:27:11.802149    4133 watch.go:40] Failed to load config from "/home/zenmi/Projects/manga-dl/dataconnect": could not find dataconnect.yaml in `/home/zenmi/Projects/manga-dl/dataconnect`
 {"metadata":{"emulator":{"name":"dataconnect"},"message":"E0531 09:27:11.802149    4133 watch.go:40] Failed to load config from \"/home/zenmi/Projects/manga-dl/dataconnect\": could not find dataconnect.yaml in `/home/zenmi/Projects/manga-dl/dataconnect`\n"}}
[debug] [2026-05-31T08:27:21.793Z] E0531 09:27:21.793245    4133 watch.go:40] Failed to load config from "/home/zenmi/Projects/manga-dl/dataconnect": could not find dataconnect.yaml in `/home/zenmi/Projects/manga-dl/dataconnect`
 {"metadata":{"emulator":{"name":"dataconnect"},"message":"E0531 09:27:21.793245    4133 watch.go:40] Failed to load config from \"/home/zenmi/Projects/manga-dl/dataconnect\": could not find dataconnect.yaml in `/home/zenmi/Projects/manga-dl/dataconnect`\n"}}
[debug] [2026-05-31T08:27:31.802Z] E0531 09:27:31.802074    4133 watch.go:40] Failed to load config from "/home/zenmi/Projects/manga-dl/dataconnect": could not find dataconnect.yaml in `/home/zenmi/Projects/manga-dl/dataconnect`
 {"metadata":{"emulator":{"name":"dataconnect"},"message":"E0531 09:27:31.802074    4133 watch.go:40] Failed to load config from \"/home/zenmi/Projects/manga-dl/dataconnect\": could not find dataconnect.yaml in `/home/zenmi/Projects/manga-dl/dataconnect`\n"}}
[debug] [2026-05-31T08:27:41.803Z] E0531 09:27:41.802075    4133 watch.go:40] Failed to load config from "/home/zenmi/Projects/manga-dl/dataconnect": could not find dataconnect.yaml in `/home/zenmi/Projects/manga-dl/dataconnect`
 {"metadata":{"emulator":{"name":"dataconnect"},"message":"E0531 09:27:41.802075    4133 watch.go:40] Failed to load config from \"/home/zenmi/Projects/manga-dl/dataconnect\": could not find dataconnect.yaml in `/home/zenmi/Projects/manga-dl/dataconnect`\n"}}
[debug] [2026-05-31T08:27:51.793Z] E0531 09:27:51.793034    4133 watch.go:116] watchAllDir unable to walk dir `/home/zenmi/Projects/manga-dl/dataconnect`: lstat /home/zenmi/Projects/manga-dl/dataconnect: no such file or directory
E0531 09:27:51.793116    4133 watch.go:40] Failed to load config from "/home/zenmi/Projects/manga-dl/dataconnect": could not find dataconnect.yaml in `/home/zenmi/Projects/manga-dl/dataconnect`
 {"metadata":{"emulator":{"name":"dataconnect"},"message":"E0531 09:27:51.793034    4133 watch.go:116] watchAllDir unable to walk dir `/home/zenmi/Projects/manga-dl/dataconnect`: lstat /home/zenmi/Projects/manga-dl/dataconnect: no such file or directory\nE0531 09:27:51.793116    4133 watch.go:40] Failed to load config from \"/home/zenmi/Projects/manga-dl/dataconnect\": could not find dataconnect.yaml in `/home/zenmi/Projects/manga-dl/dataconnect`\n"}}
[debug] [2026-05-31T08:28:01.797Z] E0531 09:28:01.797137    4133 watch.go:40] Failed to load config from "/home/zenmi/Projects/manga-dl/dataconnect": could not find dataconnect.yaml in `/home/zenmi/Projects/manga-dl/dataconnect`
 {"metadata":{"emulator":{"name":"dataconnect"},"message":"E0531 09:28:01.797137    4133 watch.go:40] Failed to load config from \"/home/zenmi/Projects/manga-dl/dataconnect\": could not find dataconnect.yaml in `/home/zenmi/Projects/manga-dl/dataconnect`\n"}}
[debug] [2026-05-31T08:28:11.802Z] E0531 09:28:11.802182    4133 watch.go:40] Failed to load config from "/home/zenmi/Projects/manga-dl/dataconnect": could not find dataconnect.yaml in `/home/zenmi/Projects/manga-dl/dataconnect`
 {"metadata":{"emulator":{"name":"dataconnect"},"message":"E0531 09:28:11.802182    4133 watch.go:40] Failed to load config from \"/home/zenmi/Projects/manga-dl/dataconnect\": could not find dataconnect.yaml in `/home/zenmi/Projects/manga-dl/dataconnect`\n"}}
[debug] [2026-05-31T08:28:21.793Z] E0531 09:28:21.793014    4133 watch.go:40] Failed to load config from "/home/zenmi/Projects/manga-dl/dataconnect": could not find dataconnect.yaml in `/home/zenmi/Projects/manga-dl/dataconnect`
 {"metadata":{"emulator":{"name":"dataconnect"},"message":"E0531 09:28:21.793014    4133 watch.go:40] Failed to load config from \"/home/zenmi/Projects/manga-dl/dataconnect\": could not find dataconnect.yaml in `/home/zenmi/Projects/manga-dl/dataconnect`\n"}}
[debug] [2026-05-31T08:28:31.802Z] E0531 09:28:31.802283    4133 watch.go:40] Failed to load config from "/home/zenmi/Projects/manga-dl/dataconnect": could not find dataconnect.yaml in `/home/zenmi/Projects/manga-dl/dataconnect`
 {"metadata":{"emulator":{"name":"dataconnect"},"message":"E0531 09:28:31.802283    4133 watch.go:40] Failed to load config from \"/home/zenmi/Projects/manga-dl/dataconnect\": could not find dataconnect.yaml in `/home/zenmi/Projects/manga-dl/dataconnect`\n"}}
[debug] [2026-05-31T08:28:41.799Z] E0531 09:28:41.798796    4133 watch.go:40] Failed to load config from "/home/zenmi/Projects/manga-dl/dataconnect": could not find dataconnect.yaml in `/home/zenmi/Projects/manga-dl/dataconnect`
 {"metadata":{"emulator":{"name":"dataconnect"},"message":"E0531 09:28:41.798796    4133 watch.go:40] Failed to load config from \"/home/zenmi/Projects/manga-dl/dataconnect\": could not find dataconnect.yaml in `/home/zenmi/Projects/manga-dl/dataconnect`\n"}}
[debug] [2026-05-31T08:28:51.793Z] E0531 09:28:51.793141    4133 watch.go:116] watchAllDir unable to walk dir `/home/zenmi/Projects/manga-dl/dataconnect`: lstat /home/zenmi/Projects/manga-dl/dataconnect: no such file or directory
E0531 09:28:51.793214    4133 watch.go:40] Failed to load config from "/home/zenmi/Projects/manga-dl/dataconnect": could not find dataconnect.yaml in `/home/zenmi/Projects/manga-dl/dataconnect`
 {"metadata":{"emulator":{"name":"dataconnect"},"message":"E0531 09:28:51.793141    4133 watch.go:116] watchAllDir unable to walk dir `/home/zenmi/Projects/manga-dl/dataconnect`: lstat /home/zenmi/Projects/manga-dl/dataconnect: no such file or directory\nE0531 09:28:51.793214    4133 watch.go:40] Failed to load config from \"/home/zenmi/Projects/manga-dl/dataconnect\": could not find dataconnect.yaml in `/home/zenmi/Projects/manga-dl/dataconnect`\n"}}
[debug] [2026-05-31T08:29:01.793Z] E0531 09:29:01.793134    4133 watch.go:40] Failed to load config from "/home/zenmi/Projects/manga-dl/dataconnect": could not find dataconnect.yaml in `/home/zenmi/Projects/manga-dl/dataconnect`
 {"metadata":{"emulator":{"name":"dataconnect"},"message":"E0531 09:29:01.793134    4133 watch.go:40] Failed to load config from \"/home/zenmi/Projects/manga-dl/dataconnect\": could not find dataconnect.yaml in `/home/zenmi/Projects/manga-dl/dataconnect`\n"}}
[debug] [2026-05-31T08:29:11.802Z] E0531 09:29:11.802332    4133 watch.go:40] Failed to load config from "/home/zenmi/Projects/manga-dl/dataconnect": could not find dataconnect.yaml in `/home/zenmi/Projects/manga-dl/dataconnect`
 {"metadata":{"emulator":{"name":"dataconnect"},"message":"E0531 09:29:11.802332    4133 watch.go:40] Failed to load config from \"/home/zenmi/Projects/manga-dl/dataconnect\": could not find dataconnect.yaml in `/home/zenmi/Projects/manga-dl/dataconnect`\n"}}
[debug] [2026-05-31T08:29:21.793Z] E0531 09:29:21.793112    4133 watch.go:40] Failed to load config from "/home/zenmi/Projects/manga-dl/dataconnect": could not find dataconnect.yaml in `/home/zenmi/Projects/manga-dl/dataconnect`
 {"metadata":{"emulator":{"name":"dataconnect"},"message":"E0531 09:29:21.793112    4133 watch.go:40] Failed to load config from \"/home/zenmi/Projects/manga-dl/dataconnect\": could not find dataconnect.yaml in `/home/zenmi/Projects/manga-dl/dataconnect`\n"}}
[debug] [2026-05-31T08:29:31.813Z] E0531 09:29:31.800916    4133 watch.go:40] Failed to load config from "/home/zenmi/Projects/manga-dl/dataconnect": could not find dataconnect.yaml in `/home/zenmi/Projects/manga-dl/dataconnect`
 {"metadata":{"emulator":{"name":"dataconnect"},"message":"E0531 09:29:31.800916    4133 watch.go:40] Failed to load config from \"/home/zenmi/Projects/manga-dl/dataconnect\": could not find dataconnect.yaml in `/home/zenmi/Projects/manga-dl/dataconnect`\n"}}
